/root/miniconda3/lib/python3.10/site-packages/huggingface_hub/file_download.py:795: FutureWarning: `resume_download` is deprecated and will be removed in version 1.0.0. Downloads always resume when possible. If you want to force a new download, use `force_download=True`.
  warnings.warn(
Special tokens have been added in the vocabulary, make sure the associated word embeddings are fine-tuned or trained.
2025-01-08:20:53:00,926 INFO     [huggingface.py:132] Using device 'cpu'
2025-01-08:20:53:00,938 INFO     [huggingface.py:496] Model type cannot be determined. Using default model type 'causal'
Special tokens have been added in the vocabulary, make sure the associated word embeddings are fine-tuned or trained.
2025-01-08:20:53:01,012 INFO     [huggingface.py:369] Model parallel was set to False, max memory was not set, and device map was set to {'': 'cpu'}
Loading checkpoint shards:   0%|                             | 0/17 [00:00<?, ?it/s]Loading checkpoint shards:   6%|█▏                   | 1/17 [00:00<00:02,  7.34it/s]Loading checkpoint shards:  12%|██▍                  | 2/17 [00:00<00:01,  8.56it/s]Loading checkpoint shards:  18%|███▋                 | 3/17 [00:00<00:01,  9.02it/s]Loading checkpoint shards:  24%|████▉                | 4/17 [00:00<00:01,  9.22it/s]Loading checkpoint shards:  29%|██████▏              | 5/17 [00:00<00:01,  9.34it/s]Loading checkpoint shards:  35%|███████▍             | 6/17 [00:00<00:01,  9.40it/s]Loading checkpoint shards:  41%|████████▋            | 7/17 [00:00<00:01,  9.48it/s]Loading checkpoint shards:  47%|█████████▉           | 8/17 [00:00<00:00,  9.54it/s]Loading checkpoint shards:  53%|███████████          | 9/17 [00:00<00:00,  9.57it/s]Loading checkpoint shards:  59%|███████████▊        | 10/17 [00:01<00:00,  9.57it/s]Loading checkpoint shards:  65%|████████████▉       | 11/17 [00:01<00:00,  9.58it/s]Loading checkpoint shards:  71%|██████████████      | 12/17 [00:01<00:00,  9.57it/s]Loading checkpoint shards:  76%|███████████████▎    | 13/17 [00:01<00:00,  9.32it/s]Loading checkpoint shards:  82%|████████████████▍   | 14/17 [00:01<00:00,  8.84it/s]Loading checkpoint shards:  88%|█████████████████▋  | 15/17 [00:01<00:00,  8.82it/s]Loading checkpoint shards:  94%|██████████████████▊ | 16/17 [00:01<00:00,  8.90it/s]Loading checkpoint shards: 100%|████████████████████| 17/17 [00:01<00:00,  9.14it/s]Loading checkpoint shards: 100%|████████████████████| 17/17 [00:01<00:00,  9.19it/s]
-1.5429658e-05
9.0254e-05
-0.0010348362
0.0003501827
0.00044134134
0.000670987
-0.00038984453
0.00024306824
0.00079260964
-0.00095463725
0.00012479514
0.00054944045
0.0012483423
0.00015400822
0.0015427966
-0.00016270016
-0.0005053423
0.00035415788
0.00052037305
0.0011457462
-0.00043681246
-0.00022703235
-0.0013028434
-0.00025980576
4.063193e-05
-6.5044995e-05
5.0509207e-05
0.00071255246
-5.0841532e-05
-0.0005013888
8.1701706e-05
8.0993435e-05
-0.00026831648
0.00040531048
-0.00010385838
0.00073996256
0.00026943302
0.00041953626
-0.00037005404
0.00022171947
-0.00029704074
-0.00064253144
0.0001694444
-0.00021530039
8.776257e-05
0.00014464949
0.00090932916
-7.568845e-05
-0.00044310896
1.561756e-05
-0.000106240484
0.0003672544
6.6961744e-05
-3.7261707e-05
-0.0003435451
0.0003411168
-0.00031429713
4.0925497e-05
0.0005490223
-5.773869e-05
-0.00028257072
-0.00021536053
0.00013194083
-0.00053677516
0.00017133036
0.00028534496
-0.00018902658
-0.00012858305
0.00015152084
-1.6669575e-05
-9.021188e-05
-0.00052934897
0.00030810398
-3.507045e-05
2.7806775e-05
0.00013965165
-9.747727e-05
3.2554482e-05
-4.4999386e-05
-0.0002200065
-0.00014393553
-0.0002945595
1.1818287e-05
0.00011761937
0.00036689948
0.00017696999
6.9463655e-05
-0.00023446063
0.00032738358
-0.00034969096
5.454554e-05
0.00018574556
3.8832644e-05
-0.00024778256
0.00019279809
7.931715e-05
0.0002848299
5.3308213e-05
-0.00057320634
-2.7218062e-05
0.00013928323
-0.00018885938
-0.00013978814
-0.00016322212
-1.6429709e-05
0.00020719135
0.00024278635
-0.00020327808
-0.00018169369
0.00025405752
-3.5440466e-05
-0.00010646989
0.00013362247
-9.044731e-05
0.000115653864
-0.00020593248
7.107462e-05
0.00037397884
0.0003739961
-0.0001246791
0.00023863408
-0.0004936604
0.00011528224
-6.664262e-05
0.00035476964
-3.3269724e-05
-0.00013278329
0.00011764503
0.0007249769
-4.9013466e-05
-0.00019006876
-0.0003907042
-6.717943e-05
-8.303716e-06
0.00050836196
-0.0001625109
7.475599e-05
-0.00015217121
4.3550463e-05
0.00020519653
0.00017986567
0.0001144982
-0.00017592906
0.0003508816
-0.00020937342
0.00024145859
-0.00046161213
-0.0002852445
0.0002096712
0.00034891505
-0.0004384882
2.9659142e-05
0.00026599877
7.91122e-05
0.00013096654
8.122754e-05
0.00014448038
-0.0002777074
-1.7023827e-05
9.760707e-05
-8.8735826e-05
0.00027953534
-4.2966076e-05
6.781822e-05
0.00016541092
0.0001303914
0.00019735175
-3.2432057e-05
-3.7792168e-05
-0.0001038553
0.00015385277
-0.0001013337
0.000105083076
-8.270759e-06
4.2655156e-05
-1.3198485e-05
-0.00023456904
0.00032832494
-0.0002514416
-6.251998e-05
0.00020411689
4.1890176e-05
-5.8797814e-06
0.00033915404
5.2976866e-05
-2.2230764e-05
4.8116817e-05
-3.4129815e-05
-8.230927e-05
0.00011384517
3.2869284e-05
0.0001274627
-3.0907187e-05
-0.00023394966
-0.00021410323
-0.00010876129
0.00010836251
3.1304007e-05
-1.00681755e-05
-0.00021857124
-0.000303953
5.555898e-05
-8.444821e-05
0.00014028969
-4.4519587e-05
-0.00014182634
-0.00027749545
-0.00017703231
-0.0001421177
-4.3837514e-05
0.0003043014
0.00028187246
0.00015330037
-0.0001774096
-0.000353835
-7.024316e-05
-9.418168e-05
0.00020066515
-0.00030006462
-1.1945667e-07
-9.22521e-05
3.469347e-05
-0.00013758717
-3.964495e-05
2.1140924e-05
0.000262618
3.1144933e-05
0.00019838824
-6.395551e-05
0.00022416218
-0.0002143072
-0.000251062
0.00018317389
-7.824047e-05
-0.00011711475
-1.7169768e-05
-5.5798762e-05
6.451505e-05
0.00011896153
-4.90534e-05
-0.0003707157
-3.241939e-05
-0.00038864452
0.00014631022
3.2246207e-05
0.000424255
9.532639e-05
1.2328201e-06
5.136706e-05
-0.0002220476
-0.00013394264
0.00032095355
-0.00013515247
-8.185509e-05
0.000101094876
0.00018607479
1.3139201e-05
-0.00046011497
0.0002836329
-7.17823e-05
-0.0005512006
-0.00026740035
0.00032753547
0.00022545244
-0.00022891774
-5.9311424e-05
-4.2154657e-05
-6.46511e-05
0.00016103449
-0.0001415291
9.83222e-06
1.7361926e-06
0.0001616815
0.00019306723
-0.00014432456
-0.00012734736
-1.7115839e-05
7.494326e-05
-0.0004406849
1.2130382e-05
0.00018634042
0.00047689385
-6.141025e-05
0.00038900482
0.00010276868
-3.68795e-06
0.00024006206
0.00015438897
3.119596e-06
-9.209986e-05
-0.0002816623
-0.00012408943
5.3963216e-05
-4.1908737e-05
5.1037816e-05
0.0001753736
0.00027371242
-1.0284188e-05
-4.2950218e-05
0.00011637527
8.491419e-05
6.378052e-05
-0.00024354763
-0.00023925967
9.351156e-05
-0.00011228385
-7.040461e-05
0.00012077315
-7.591415e-05
-8.325784e-05
3.4833796e-05
0.00043003057
0.00030331645
-0.00014380476
7.6385746e-05
-0.0003248238
-0.0001522578
-0.00029839424
-0.00019308247
-0.00012605614
-0.00021596643
-0.00012440729
-0.00041822973
0.0002723477
0.00011587885
-1.0361582e-05
0.00025475668
-0.00013789775
-0.00017458436
-1.0274489e-05
0.00013911336
-6.379308e-05
-0.0002021245
-0.0005558237
0.00012214185
0.00010695048
0.00037065495
-0.00016667947
1.4219047e-05
-0.00028346753
-8.9541136e-05
0.00027524005
0.00022770178
8.4025814e-05
-0.00018931547
-0.00016160203
0.0002230907
-0.00020830287
0.00010455321
7.4811214e-05
0.00022681018
2.5384068e-05
-0.00030631496
6.2857944e-05
3.4787714e-05
0.00015203533
-0.0002582643
-0.00012442526
-0.00014611677
7.260787e-07
0.000120935656
-1.0948454e-05
-0.00040943697
0.00018202025
-0.00016207108
6.1834e-05
2.19524e-05
-1.1445518e-05
0.00010476797
-5.3816184e-05
-3.6524478e-05
0.00033113864
0.0002111216
-4.1643623e-05
-3.5334924e-05
0.000112742084
0.00028341706
3.4602963e-05
0.00041932732
0.00034421636
0.00015450132
0.00029077524
0.00020585133
-0.00020963833
0.00030384414
-5.984938e-05
-9.918254e-05
-0.00038381797
0.00024728372
-0.00012330875
-0.00011339104
-7.375515e-05
3.037644e-05
0.00029029956
6.349399e-05
-0.00036625052
0.00014926138
0.00011925484
-0.00011199227
0.0002280052
0.00011756427
-2.019204e-05
-0.00019682193
0.0003670056
2.0292517e-05
2.0363048e-05
0.00014782815
-5.458553e-05
0.00023826168
-0.0003291651
-0.00035811873
-6.307053e-05
-0.00012662692
-9.396778e-05
0.00018197324
-7.212923e-05
-7.444492e-05
3.232721e-05
-0.00016675358
0.00018345396
-1.7890314e-05
0.00013095651
0.00032708177
-0.00035026134
-5.2242525e-05
-0.00035261048
-3.511271e-05
-7.905088e-05
7.31177e-05
-7.603495e-05
0.0002792879
0.00048629404
-8.817333e-07
-0.0001704901
-8.1960396e-05
-9.120706e-05
0.00010206032
0.00011396432
0.00015250544
5.2865184e-05
-6.182112e-05
-5.0666607e-05
4.8464193e-05
-6.303673e-05
-4.255235e-05
4.6889523e-05
-0.0002649591
3.3576493e-05
-6.3182844e-05
0.00028538646
3.4567696e-05
0.00031825245
-0.00037497294
0.000118267984
0.00016717818
-0.00014375942
0.0005470529
1.3416044e-05
0.00014360684
-1.6441933e-05
-0.00015844588
0.0001772308
0.00028912182
0.00021083605
0.00013094935
-0.00020539577
0.0002520714
0.00023864374
0.00021821594
-0.00029978176
-9.18624e-05
0.00013973504
0.00034847317
-0.00021317849
-0.00016099412
-1.8924766e-06
-0.0004137023
4.3112075e-05
3.9028528e-05
0.00016272374
-0.00022682003
-0.00023483192
0.00028785958
-1.657644e-05
0.00025715242
-7.437957e-07
-2.6835678e-05
0.00025349096
-0.00027943891
-2.1609361e-05
9.46172e-05
0.00021828861
0.000115929506
0.00046495115
0.00010521319
-0.00017429242
3.609707e-05
-0.00021981412
-0.00019481994
-9.308793e-05
-0.00039367864
-0.000118140386
3.6997662e-06
0.0002792129
-4.4070854e-05
-6.828166e-06
-0.0003023045
-6.1647326e-05
0.0005362792
-0.00015784934
-0.0002015527
0.00021377044
-0.00027114144
-0.00037488632
7.704394e-05
-7.64124e-05
-0.00050191
-0.0001440809
-0.00015469646
-4.289108e-05
8.9921035e-05
0.000100522804
9.9559475e-05
0.00042079648
-0.00021510528
-0.00021892886
6.201578e-05
0.00012461077
-9.956092e-05
-0.00011092219
-0.00012681045
-0.0001304328
0.00041292037
0.00021208149
-0.00014431876
0.0004344089
0.00010439609
-0.0003595529
-0.00025039987
-0.00013697424
-0.00026180793
0.00019007453
0.00035315554
1.2907258e-05
-4.2690543e-05
-0.00010853138
-5.4849246e-05
3.4079567e-06
0.00015581677
0.00012942028
0.00014395178
-0.00052052294
-0.00025168015
-7.468526e-05
0.00038564
0.00015631763
0.00036958142
8.1189e-05
0.0003068684
-0.00013366039
0.00019288079
-0.00017999117
0.000189452
0.00025383825
3.3256205e-05
0.0002413671
5.0437797e-05
-4.104596e-05
0.0003788531
0.00021825923
0.00021350995
0.00010411476
-0.00016189562
0.0004780392
8.4188156e-05
4.7576606e-05
-0.00011356311
-0.00019429185
Removed shared tensor {'model.layers.10.block_sparse_moe.experts.5.w1.weight', 'model.layers.25.block_sparse_moe.experts.14.w2.weight', 'model.layers.30.block_sparse_moe.experts.4.w2.weight', 'model.layers.19.block_sparse_moe.experts.9.w1.weight', 'model.layers.29.block_sparse_moe.experts.11.w3.weight', 'model.layers.19.block_sparse_moe.experts.5.w3.weight', 'model.layers.31.block_sparse_moe.experts.8.w3.weight', 'model.layers.3.block_sparse_moe.experts.12.w3.weight', 'model.layers.19.block_sparse_moe.experts.10.w2.weight', 'model.layers.10.block_sparse_moe.experts.9.w3.weight', 'model.layers.29.block_sparse_moe.experts.2.w3.weight', 'model.layers.11.block_sparse_moe.experts.4.w1.weight', 'model.layers.18.block_sparse_moe.experts.8.w1.weight', 'model.layers.23.block_sparse_moe.experts.15.w2.weight', 'model.layers.10.block_sparse_moe.experts.5.w3.weight', 'model.layers.10.block_sparse_moe.experts.4.w2.weight', 'model.layers.25.block_sparse_moe.experts.13.w1.weight', 'model.layers.0.block_sparse_moe.experts.14.w3.weight', 'model.layers.9.block_sparse_moe.experts.14.w2.weight', 'model.layers.16.block_sparse_moe.experts.6.w3.weight', 'model.layers.15.block_sparse_moe.experts.14.w2.weight', 'model.layers.23.block_sparse_moe.experts.10.w2.weight', 'model.layers.4.block_sparse_moe.experts.12.w2.weight', 'model.layers.7.block_sparse_moe.experts.9.w1.weight', 'model.layers.13.block_sparse_moe.experts.12.w1.weight', 'model.layers.27.block_sparse_moe.experts.13.w3.weight', 'model.layers.4.block_sparse_moe.experts.12.w3.weight', 'model.layers.31.block_sparse_moe.experts.15.w1.weight', 'model.layers.27.block_sparse_moe.experts.15.w1.weight', 'model.layers.20.block_sparse_moe.experts.9.w2.weight', 'model.layers.29.block_sparse_moe.experts.15.w2.weight', 'model.layers.4.block_sparse_moe.experts.13.w3.weight', 'model.layers.12.block_sparse_moe.experts.6.w3.weight', 'model.layers.30.block_sparse_moe.experts.7.w2.weight', 'model.layers.29.block_sparse_moe.experts.11.w1.weight', 'model.layers.7.block_sparse_moe.experts.7.w1.weight', 'model.layers.11.block_sparse_moe.experts.9.w1.weight', 'model.layers.23.block_sparse_moe.experts.10.w1.weight', 'model.layers.14.block_sparse_moe.experts.13.w1.weight', 'model.layers.31.block_sparse_moe.experts.11.w3.weight', 'model.layers.15.block_sparse_moe.experts.14.w1.weight', 'model.layers.4.block_sparse_moe.experts.5.w3.weight', 'model.layers.21.block_sparse_moe.experts.6.w1.weight', 'model.layers.4.block_sparse_moe.experts.9.w3.weight', 'model.layers.2.block_sparse_moe.experts.6.w2.weight', 'model.layers.8.block_sparse_moe.experts.7.w3.weight', 'model.layers.15.block_sparse_moe.experts.15.w2.weight', 'model.layers.2.block_sparse_moe.experts.4.w1.weight', 'model.layers.4.block_sparse_moe.experts.6.w1.weight', 'model.layers.1.block_sparse_moe.experts.12.w1.weight', 'model.layers.0.block_sparse_moe.experts.12.w3.weight', 'model.layers.4.block_sparse_moe.experts.10.w1.weight', 'model.layers.9.block_sparse_moe.experts.3.w3.weight', 'model.layers.18.block_sparse_moe.experts.4.w1.weight', 'model.layers.27.block_sparse_moe.experts.7.w1.weight', 'model.layers.10.block_sparse_moe.experts.3.w1.weight', 'model.layers.23.block_sparse_moe.experts.4.w3.weight', 'model.layers.25.block_sparse_moe.experts.5.w2.weight', 'model.layers.25.block_sparse_moe.experts.15.w1.weight', 'model.layers.1.block_sparse_moe.experts.5.w1.weight', 'model.layers.13.block_sparse_moe.experts.7.w2.weight', 'model.layers.4.block_sparse_moe.experts.8.w2.weight', 'model.layers.25.block_sparse_moe.experts.6.w2.weight', 'model.layers.19.block_sparse_moe.experts.14.w2.weight', 'model.layers.0.block_sparse_moe.experts.15.w3.weight', 'model.layers.26.block_sparse_moe.experts.14.w2.weight', 'model.layers.22.block_sparse_moe.experts.6.w3.weight', 'model.layers.14.block_sparse_moe.experts.11.w3.weight', 'model.layers.23.block_sparse_moe.experts.8.w1.weight', 'model.layers.10.block_sparse_moe.experts.15.w1.weight', 'model.layers.18.block_sparse_moe.experts.14.w2.weight', 'model.layers.20.block_sparse_moe.experts.1.w3.weight', 'model.layers.7.block_sparse_moe.experts.8.w3.weight', 'model.layers.16.block_sparse_moe.experts.15.w2.weight', 'model.layers.31.block_sparse_moe.experts.10.w1.weight', 'model.layers.1.block_sparse_moe.experts.7.w3.weight', 'model.layers.12.block_sparse_moe.experts.7.w3.weight', 'model.layers.11.block_sparse_moe.experts.12.w1.weight', 'model.layers.19.block_sparse_moe.experts.12.w3.weight', 'model.layers.20.block_sparse_moe.experts.10.w2.weight', 'model.layers.28.block_sparse_moe.experts.15.w2.weight', 'model.layers.1.block_sparse_moe.experts.5.w2.weight', 'model.layers.28.block_sparse_moe.experts.13.w3.weight', 'model.layers.28.block_sparse_moe.experts.2.w1.weight', 'model.layers.0.block_sparse_moe.experts.3.w3.weight', 'model.layers.8.block_sparse_moe.experts.8.w2.weight', 'model.layers.7.block_sparse_moe.experts.15.w2.weight', 'model.layers.6.block_sparse_moe.experts.12.w2.weight', 'model.layers.18.block_sparse_moe.experts.7.w1.weight', 'model.layers.4.block_sparse_moe.experts.12.w1.weight', 'model.layers.5.block_sparse_moe.experts.1.w1.weight', 'model.layers.16.block_sparse_moe.experts.7.w1.weight', 'model.layers.2.block_sparse_moe.experts.15.w2.weight', 'model.layers.31.block_sparse_moe.experts.6.w3.weight', 'model.layers.29.block_sparse_moe.experts.8.w2.weight', 'model.layers.18.block_sparse_moe.experts.2.w3.weight', 'model.layers.22.block_sparse_moe.experts.5.w2.weight', 'model.layers.11.block_sparse_moe.experts.13.w2.weight', 'model.layers.25.block_sparse_moe.experts.12.w1.weight', 'model.layers.2.block_sparse_moe.experts.13.w2.weight', 'model.layers.13.block_sparse_moe.experts.6.w2.weight', 'model.layers.18.block_sparse_moe.experts.11.w3.weight', 'model.layers.25.block_sparse_moe.experts.1.w1.weight', 'model.layers.4.block_sparse_moe.experts.13.w2.weight', 'model.layers.17.block_sparse_moe.experts.7.w2.weight', 'model.layers.30.block_sparse_moe.experts.6.w1.weight', 'model.layers.13.block_sparse_moe.experts.12.w2.weight', 'model.layers.21.block_sparse_moe.experts.12.w3.weight', 'model.layers.19.block_sparse_moe.experts.3.w2.weight', 'model.layers.5.block_sparse_moe.experts.1.w2.weight', 'model.layers.13.block_sparse_moe.experts.11.w2.weight', 'model.layers.1.block_sparse_moe.experts.10.w1.weight', 'model.layers.17.block_sparse_moe.experts.7.w1.weight', 'model.layers.1.block_sparse_moe.experts.3.w1.weight', 'model.layers.20.block_sparse_moe.experts.15.w3.weight', 'model.layers.15.block_sparse_moe.experts.11.w2.weight', 'model.layers.12.block_sparse_moe.experts.11.w2.weight', 'model.layers.15.block_sparse_moe.experts.12.w1.weight', 'model.layers.31.block_sparse_moe.experts.2.w1.weight', 'model.layers.30.block_sparse_moe.experts.12.w1.weight', 'model.layers.23.block_sparse_moe.experts.3.w3.weight', 'model.layers.5.block_sparse_moe.experts.11.w1.weight', 'model.layers.13.block_sparse_moe.experts.1.w1.weight', 'model.layers.19.block_sparse_moe.experts.5.w1.weight', 'model.layers.18.block_sparse_moe.experts.6.w1.weight', 'model.layers.16.block_sparse_moe.experts.1.w2.weight', 'model.layers.1.block_sparse_moe.experts.9.w3.weight', 'model.layers.21.block_sparse_moe.experts.4.w3.weight', 'model.layers.6.block_sparse_moe.experts.7.w3.weight', 'model.layers.26.block_sparse_moe.experts.8.w1.weight', 'model.layers.2.block_sparse_moe.experts.8.w2.weight', 'model.layers.18.block_sparse_moe.experts.7.w2.weight', 'model.layers.20.block_sparse_moe.experts.9.w1.weight', 'model.layers.11.block_sparse_moe.experts.7.w1.weight', 'model.layers.29.block_sparse_moe.experts.5.w3.weight', 'model.layers.20.block_sparse_moe.experts.12.w3.weight', 'model.layers.28.block_sparse_moe.experts.4.w2.weight', 'model.layers.3.block_sparse_moe.experts.15.w2.weight', 'model.layers.22.block_sparse_moe.experts.7.w3.weight', 'model.layers.9.block_sparse_moe.experts.9.w3.weight', 'model.layers.18.block_sparse_moe.experts.5.w1.weight', 'model.layers.15.block_sparse_moe.experts.13.w2.weight', 'model.layers.18.block_sparse_moe.experts.11.w1.weight', 'model.layers.25.block_sparse_moe.experts.7.w1.weight', 'model.layers.9.block_sparse_moe.experts.6.w2.weight', 'model.layers.1.block_sparse_moe.experts.15.w1.weight', 'model.layers.19.block_sparse_moe.experts.7.w2.weight', 'model.layers.14.block_sparse_moe.experts.7.w2.weight', 'model.layers.1.block_sparse_moe.experts.4.w1.weight', 'model.layers.24.block_sparse_moe.experts.8.w2.weight', 'model.layers.22.block_sparse_moe.experts.12.w2.weight', 'model.layers.17.block_sparse_moe.experts.8.w1.weight', 'model.layers.15.block_sparse_moe.experts.10.w1.weight', 'model.layers.27.block_sparse_moe.experts.14.w1.weight', 'model.layers.7.block_sparse_moe.experts.11.w3.weight', 'model.layers.27.block_sparse_moe.experts.14.w3.weight', 'model.layers.22.block_sparse_moe.experts.4.w3.weight', 'model.layers.13.block_sparse_moe.experts.10.w3.weight', 'model.layers.17.block_sparse_moe.experts.5.w1.weight', 'model.layers.13.block_sparse_moe.experts.11.w1.weight', 'model.layers.31.block_sparse_moe.experts.11.w1.weight', 'model.layers.4.block_sparse_moe.experts.6.w2.weight', 'model.layers.14.block_sparse_moe.experts.8.w1.weight', 'model.layers.28.block_sparse_moe.experts.8.w3.weight', 'model.layers.20.block_sparse_moe.experts.9.w3.weight', 'model.layers.24.block_sparse_moe.experts.6.w3.weight', 'model.layers.27.block_sparse_moe.experts.4.w2.weight', 'model.layers.27.block_sparse_moe.experts.15.w2.weight', 'model.layers.6.block_sparse_moe.experts.4.w1.weight', 'model.layers.3.block_sparse_moe.experts.3.w3.weight', 'model.layers.13.block_sparse_moe.experts.15.w1.weight', 'model.layers.13.block_sparse_moe.experts.9.w3.weight', 'model.layers.16.block_sparse_moe.experts.7.w3.weight', 'model.layers.23.block_sparse_moe.experts.5.w2.weight', 'model.layers.14.block_sparse_moe.experts.4.w3.weight', 'model.layers.7.block_sparse_moe.experts.10.w3.weight', 'model.layers.26.block_sparse_moe.experts.13.w3.weight', 'model.layers.6.block_sparse_moe.experts.15.w1.weight', 'model.layers.27.block_sparse_moe.experts.9.w1.weight', 'model.layers.13.block_sparse_moe.experts.13.w1.weight', 'model.layers.8.block_sparse_moe.experts.9.w1.weight', 'model.layers.31.block_sparse_moe.experts.13.w2.weight', 'model.layers.11.block_sparse_moe.experts.12.w3.weight', 'model.layers.16.block_sparse_moe.experts.6.w1.weight', 'model.layers.0.block_sparse_moe.experts.3.w1.weight', 'model.layers.26.block_sparse_moe.experts.7.w2.weight', 'model.layers.31.block_sparse_moe.experts.6.w2.weight', 'model.layers.24.block_sparse_moe.experts.6.w1.weight', 'model.layers.22.block_sparse_moe.experts.15.w1.weight', 'model.layers.18.block_sparse_moe.experts.13.w2.weight', 'model.layers.31.block_sparse_moe.experts.12.w2.weight', 'model.layers.21.block_sparse_moe.experts.5.w2.weight', 'model.layers.23.block_sparse_moe.experts.6.w1.weight', 'model.layers.23.block_sparse_moe.experts.9.w2.weight', 'model.layers.3.block_sparse_moe.experts.13.w3.weight', 'model.layers.11.block_sparse_moe.experts.11.w3.weight', 'model.layers.27.block_sparse_moe.experts.2.w1.weight', 'model.layers.14.block_sparse_moe.experts.6.w1.weight', 'model.layers.12.block_sparse_moe.experts.2.w1.weight', 'model.layers.0.block_sparse_moe.experts.8.w3.weight', 'model.layers.15.block_sparse_moe.experts.13.w1.weight', 'model.layers.19.block_sparse_moe.experts.8.w3.weight', 'model.layers.9.block_sparse_moe.experts.15.w2.weight', 'model.layers.27.block_sparse_moe.experts.10.w1.weight', 'model.layers.0.block_sparse_moe.experts.5.w1.weight', 'model.layers.2.block_sparse_moe.experts.5.w1.weight', 'model.layers.14.block_sparse_moe.experts.4.w1.weight', 'model.layers.30.block_sparse_moe.experts.9.w1.weight', 'model.layers.24.block_sparse_moe.experts.12.w3.weight', 'model.layers.15.block_sparse_moe.experts.4.w3.weight', 'model.layers.16.block_sparse_moe.experts.11.w2.weight', 'model.layers.16.block_sparse_moe.experts.15.w1.weight', 'model.layers.29.block_sparse_moe.experts.8.w3.weight', 'model.layers.26.block_sparse_moe.experts.11.w1.weight', 'model.layers.8.block_sparse_moe.experts.4.w1.weight', 'model.layers.31.block_sparse_moe.experts.8.w2.weight', 'model.layers.3.block_sparse_moe.experts.12.w1.weight', 'model.layers.26.block_sparse_moe.experts.15.w1.weight', 'model.layers.1.block_sparse_moe.experts.6.w3.weight', 'model.layers.2.block_sparse_moe.experts.6.w1.weight', 'model.layers.21.block_sparse_moe.experts.15.w1.weight', 'model.layers.11.block_sparse_moe.experts.6.w2.weight', 'model.layers.25.block_sparse_moe.experts.6.w1.weight', 'model.layers.2.block_sparse_moe.experts.12.w3.weight', 'model.layers.19.block_sparse_moe.experts.15.w1.weight', 'model.layers.1.block_sparse_moe.experts.10.w2.weight', 'model.layers.30.block_sparse_moe.experts.4.w1.weight', 'model.layers.29.block_sparse_moe.experts.13.w1.weight', 'model.layers.7.block_sparse_moe.experts.2.w3.weight', 'model.layers.15.block_sparse_moe.experts.9.w1.weight', 'model.layers.10.block_sparse_moe.experts.9.w2.weight', 'model.layers.2.block_sparse_moe.experts.7.w3.weight', 'model.layers.22.block_sparse_moe.experts.5.w1.weight', 'model.layers.29.block_sparse_moe.experts.3.w1.weight', 'model.layers.4.block_sparse_moe.experts.11.w1.weight', 'model.layers.18.block_sparse_moe.experts.12.w1.weight', 'model.layers.8.block_sparse_moe.experts.8.w1.weight', 'model.layers.24.block_sparse_moe.experts.5.w1.weight', 'model.layers.12.block_sparse_moe.experts.14.w1.weight', 'model.layers.27.block_sparse_moe.experts.11.w3.weight', 'model.layers.3.block_sparse_moe.experts.10.w3.weight', 'model.layers.27.block_sparse_moe.experts.12.w1.weight', 'model.layers.5.block_sparse_moe.experts.3.w2.weight', 'model.layers.3.block_sparse_moe.experts.4.w3.weight', 'model.layers.0.block_sparse_moe.experts.15.w2.weight', 'model.layers.6.block_sparse_moe.experts.11.w1.weight', 'model.layers.1.block_sparse_moe.experts.3.w3.weight', 'model.layers.2.block_sparse_moe.experts.9.w2.weight', 'model.layers.16.block_sparse_moe.experts.6.w2.weight', 'model.layers.13.block_sparse_moe.experts.15.w3.weight', 'model.layers.6.block_sparse_moe.experts.14.w1.weight', 'model.layers.8.block_sparse_moe.experts.11.w1.weight', 'model.layers.16.block_sparse_moe.experts.12.w1.weight', 'model.layers.23.block_sparse_moe.experts.4.w1.weight', 'model.layers.27.block_sparse_moe.experts.2.w2.weight', 'model.layers.28.block_sparse_moe.experts.10.w2.weight', 'model.layers.8.block_sparse_moe.experts.3.w2.weight', 'model.layers.5.block_sparse_moe.experts.11.w2.weight', 'model.layers.3.block_sparse_moe.experts.14.w1.weight', 'model.layers.0.block_sparse_moe.experts.6.w3.weight', 'model.layers.1.block_sparse_moe.experts.15.w2.weight', 'model.layers.28.block_sparse_moe.experts.15.w3.weight', 'model.layers.12.block_sparse_moe.experts.12.w2.weight', 'model.layers.1.block_sparse_moe.experts.5.w3.weight', 'model.layers.29.block_sparse_moe.experts.7.w1.weight', 'model.layers.20.block_sparse_moe.experts.13.w1.weight', 'model.layers.26.block_sparse_moe.experts.8.w2.weight', 'model.layers.22.block_sparse_moe.experts.4.w1.weight', 'model.layers.1.block_sparse_moe.experts.7.w1.weight', 'model.layers.5.block_sparse_moe.experts.15.w1.weight', 'model.layers.13.block_sparse_moe.experts.7.w3.weight', 'model.layers.16.block_sparse_moe.experts.14.w2.weight', 'model.layers.15.block_sparse_moe.experts.7.w1.weight', 'model.layers.25.block_sparse_moe.experts.12.w2.weight', 'model.layers.21.block_sparse_moe.experts.11.w1.weight', 'model.layers.8.block_sparse_moe.experts.12.w3.weight', 'model.layers.31.block_sparse_moe.experts.7.w3.weight', 'model.layers.3.block_sparse_moe.experts.3.w1.weight', 'model.layers.24.block_sparse_moe.experts.11.w2.weight', 'model.layers.4.block_sparse_moe.experts.6.w3.weight', 'model.layers.17.block_sparse_moe.experts.11.w2.weight', 'model.layers.5.block_sparse_moe.experts.7.w3.weight', 'model.layers.6.block_sparse_moe.experts.11.w3.weight', 'model.layers.31.block_sparse_moe.experts.12.w3.weight', 'model.layers.20.block_sparse_moe.experts.10.w1.weight', 'model.layers.3.block_sparse_moe.experts.7.w2.weight', 'model.layers.27.block_sparse_moe.experts.12.w3.weight', 'model.layers.2.block_sparse_moe.experts.13.w1.weight', 'model.layers.10.block_sparse_moe.experts.7.w3.weight', 'model.layers.24.block_sparse_moe.experts.10.w1.weight', 'model.layers.31.block_sparse_moe.experts.3.w3.weight', 'model.layers.14.block_sparse_moe.experts.1.w3.weight', 'model.layers.25.block_sparse_moe.experts.5.w1.weight', 'model.layers.30.block_sparse_moe.experts.6.w3.weight', 'model.layers.24.block_sparse_moe.experts.13.w3.weight', 'model.layers.3.block_sparse_moe.experts.11.w1.weight', 'model.layers.30.block_sparse_moe.experts.15.w1.weight', 'model.layers.30.block_sparse_moe.experts.2.w2.weight', 'model.layers.28.block_sparse_moe.experts.13.w2.weight', 'model.layers.2.block_sparse_moe.experts.8.w1.weight', 'model.layers.7.block_sparse_moe.experts.10.w2.weight', 'model.layers.29.block_sparse_moe.experts.13.w2.weight', 'model.layers.23.block_sparse_moe.experts.7.w2.weight', 'model.layers.11.block_sparse_moe.experts.8.w2.weight', 'model.layers.20.block_sparse_moe.experts.14.w1.weight', 'model.layers.14.block_sparse_moe.experts.15.w3.weight', 'model.layers.26.block_sparse_moe.experts.10.w2.weight', 'model.layers.28.block_sparse_moe.experts.2.w2.weight', 'model.layers.25.block_sparse_moe.experts.3.w1.weight', 'model.layers.27.block_sparse_moe.experts.13.w1.weight', 'model.layers.1.block_sparse_moe.experts.2.w1.weight', 'model.layers.18.block_sparse_moe.experts.9.w1.weight', 'model.layers.23.block_sparse_moe.experts.11.w1.weight', 'model.layers.24.block_sparse_moe.experts.15.w1.weight', 'model.layers.7.block_sparse_moe.experts.5.w1.weight', 'model.layers.17.block_sparse_moe.experts.15.w2.weight', 'model.layers.23.block_sparse_moe.experts.15.w3.weight', 'model.layers.24.block_sparse_moe.experts.13.w1.weight', 'model.layers.17.block_sparse_moe.experts.5.w3.weight', 'model.layers.15.block_sparse_moe.experts.8.w2.weight', 'model.layers.1.block_sparse_moe.experts.4.w3.weight', 'model.layers.30.block_sparse_moe.experts.9.w2.weight', 'model.layers.19.block_sparse_moe.experts.15.w2.weight', 'model.layers.2.block_sparse_moe.experts.11.w3.weight', 'model.layers.0.block_sparse_moe.experts.10.w3.weight', 'model.layers.7.block_sparse_moe.experts.4.w2.weight', 'model.layers.15.block_sparse_moe.experts.7.w3.weight', 'model.layers.14.block_sparse_moe.experts.13.w2.weight', 'model.layers.7.block_sparse_moe.experts.13.w1.weight', 'model.layers.9.block_sparse_moe.experts.3.w2.weight', 'model.layers.27.block_sparse_moe.experts.11.w1.weight', 'model.layers.15.block_sparse_moe.experts.2.w1.weight', 'model.layers.6.block_sparse_moe.experts.13.w2.weight', 'model.layers.15.block_sparse_moe.experts.8.w1.weight', 'model.layers.7.block_sparse_moe.experts.4.w1.weight', 'model.layers.15.block_sparse_moe.experts.5.w2.weight', 'model.layers.17.block_sparse_moe.experts.13.w3.weight', 'model.layers.20.block_sparse_moe.experts.3.w2.weight', 'model.layers.23.block_sparse_moe.experts.6.w2.weight', 'model.layers.8.block_sparse_moe.experts.14.w1.weight', 'model.layers.4.block_sparse_moe.experts.3.w1.weight', 'model.layers.28.block_sparse_moe.experts.6.w2.weight', 'model.layers.19.block_sparse_moe.experts.13.w1.weight', 'model.layers.26.block_sparse_moe.experts.10.w1.weight', 'model.layers.13.block_sparse_moe.experts.5.w1.weight', 'model.layers.20.block_sparse_moe.experts.1.w1.weight', 'model.layers.13.block_sparse_moe.experts.10.w1.weight', 'model.layers.8.block_sparse_moe.experts.8.w3.weight', 'model.layers.9.block_sparse_moe.experts.11.w1.weight', 'model.layers.14.block_sparse_moe.experts.1.w2.weight', 'model.layers.15.block_sparse_moe.experts.15.w1.weight', 'model.layers.2.block_sparse_moe.experts.15.w3.weight', 'model.layers.28.block_sparse_moe.experts.10.w3.weight', 'model.layers.27.block_sparse_moe.experts.15.w3.weight', 'model.layers.15.block_sparse_moe.experts.15.w3.weight', 'model.layers.24.block_sparse_moe.experts.15.w3.weight', 'model.layers.4.block_sparse_moe.experts.5.w2.weight', 'model.layers.13.block_sparse_moe.experts.8.w3.weight', 'model.layers.3.block_sparse_moe.experts.14.w3.weight', 'model.layers.14.block_sparse_moe.experts.5.w3.weight', 'model.layers.28.block_sparse_moe.experts.5.w1.weight', 'model.layers.31.block_sparse_moe.experts.13.w3.weight', 'model.layers.11.block_sparse_moe.experts.10.w1.weight', 'model.layers.21.block_sparse_moe.experts.12.w2.weight', 'model.layers.22.block_sparse_moe.experts.14.w2.weight', 'model.layers.18.block_sparse_moe.experts.13.w1.weight', 'model.layers.11.block_sparse_moe.experts.15.w1.weight', 'model.layers.15.block_sparse_moe.experts.10.w2.weight', 'model.layers.29.block_sparse_moe.experts.7.w3.weight', 'model.layers.30.block_sparse_moe.experts.3.w2.weight', 'model.layers.25.block_sparse_moe.experts.9.w1.weight', 'model.layers.5.block_sparse_moe.experts.10.w2.weight', 'model.layers.27.block_sparse_moe.experts.5.w2.weight', 'model.layers.16.block_sparse_moe.experts.8.w3.weight', 'model.layers.24.block_sparse_moe.experts.11.w3.weight', 'model.layers.24.block_sparse_moe.experts.4.w3.weight', 'model.layers.3.block_sparse_moe.experts.6.w3.weight', 'model.layers.0.block_sparse_moe.experts.1.w2.weight', 'model.layers.3.block_sparse_moe.experts.8.w2.weight', 'model.layers.24.block_sparse_moe.experts.4.w1.weight', 'model.layers.8.block_sparse_moe.experts.14.w3.weight', 'model.layers.29.block_sparse_moe.experts.9.w1.weight', 'model.layers.7.block_sparse_moe.experts.4.w3.weight', 'model.layers.2.block_sparse_moe.experts.2.w1.weight', 'model.layers.15.block_sparse_moe.experts.5.w1.weight', 'model.layers.12.block_sparse_moe.experts.9.w2.weight', 'model.layers.1.block_sparse_moe.experts.6.w2.weight', 'model.layers.12.block_sparse_moe.experts.11.w3.weight', 'model.layers.13.block_sparse_moe.experts.5.w3.weight', 'model.layers.0.block_sparse_moe.experts.5.w3.weight', 'model.layers.5.block_sparse_moe.experts.12.w1.weight', 'model.layers.8.block_sparse_moe.experts.6.w3.weight', 'model.layers.11.block_sparse_moe.experts.11.w2.weight', 'model.layers.21.block_sparse_moe.experts.14.w2.weight', 'model.layers.25.block_sparse_moe.experts.10.w2.weight', 'model.layers.12.block_sparse_moe.experts.6.w1.weight', 'model.layers.20.block_sparse_moe.experts.15.w1.weight', 'model.layers.8.block_sparse_moe.experts.9.w2.weight', 'model.layers.17.block_sparse_moe.experts.14.w1.weight', 'model.layers.26.block_sparse_moe.experts.1.w3.weight', 'model.layers.20.block_sparse_moe.experts.5.w1.weight', 'model.layers.2.block_sparse_moe.experts.12.w1.weight', 'model.layers.26.block_sparse_moe.experts.1.w1.weight', 'model.layers.1.block_sparse_moe.experts.14.w2.weight', 'model.layers.24.block_sparse_moe.experts.12.w2.weight', 'model.layers.27.block_sparse_moe.experts.8.w3.weight', 'model.layers.15.block_sparse_moe.experts.14.w3.weight', 'model.layers.16.block_sparse_moe.experts.9.w3.weight', 'model.layers.27.block_sparse_moe.experts.6.w1.weight', 'model.layers.29.block_sparse_moe.experts.7.w2.weight', 'model.layers.20.block_sparse_moe.experts.6.w3.weight', 'model.layers.21.block_sparse_moe.experts.9.w1.weight', 'model.layers.11.block_sparse_moe.experts.1.w2.weight', 'model.layers.21.block_sparse_moe.experts.6.w2.weight', 'model.layers.20.block_sparse_moe.experts.14.w2.weight', 'model.layers.26.block_sparse_moe.experts.8.w3.weight', 'model.layers.6.block_sparse_moe.experts.11.w2.weight', 'model.layers.16.block_sparse_moe.experts.11.w3.weight', 'model.layers.23.block_sparse_moe.experts.11.w3.weight', 'model.layers.23.block_sparse_moe.experts.3.w1.weight', 'model.layers.11.block_sparse_moe.experts.7.w3.weight', 'model.layers.30.block_sparse_moe.experts.13.w2.weight', 'model.layers.7.block_sparse_moe.experts.11.w1.weight', 'model.layers.10.block_sparse_moe.experts.14.w1.weight', 'model.layers.6.block_sparse_moe.experts.9.w2.weight', 'model.layers.18.block_sparse_moe.experts.10.w1.weight', 'model.layers.18.block_sparse_moe.experts.6.w3.weight', 'model.layers.23.block_sparse_moe.experts.10.w3.weight', 'model.layers.29.block_sparse_moe.experts.10.w2.weight', 'model.layers.31.block_sparse_moe.experts.4.w3.weight', 'model.layers.5.block_sparse_moe.experts.3.w1.weight', 'model.layers.13.block_sparse_moe.experts.1.w3.weight', 'model.layers.31.block_sparse_moe.experts.7.w1.weight', 'model.layers.15.block_sparse_moe.experts.4.w2.weight', 'model.layers.10.block_sparse_moe.experts.7.w2.weight', 'model.layers.19.block_sparse_moe.experts.7.w3.weight', 'model.layers.17.block_sparse_moe.experts.4.w2.weight', 'model.layers.26.block_sparse_moe.experts.13.w1.weight', 'model.layers.6.block_sparse_moe.experts.13.w1.weight', 'model.layers.30.block_sparse_moe.experts.2.w3.weight', 'model.layers.27.block_sparse_moe.experts.10.w2.weight', 'model.layers.25.block_sparse_moe.experts.10.w3.weight', 'model.layers.3.block_sparse_moe.experts.5.w3.weight', 'model.layers.31.block_sparse_moe.experts.3.w2.weight', 'model.layers.12.block_sparse_moe.experts.12.w3.weight', 'model.layers.0.block_sparse_moe.experts.7.w2.weight', 'model.layers.11.block_sparse_moe.experts.13.w3.weight', 'model.layers.5.block_sparse_moe.experts.14.w2.weight', 'model.layers.0.block_sparse_moe.experts.10.w1.weight', 'model.layers.13.block_sparse_moe.experts.14.w2.weight', 'model.layers.22.block_sparse_moe.experts.14.w3.weight', 'model.layers.17.block_sparse_moe.experts.4.w1.weight', 'model.layers.16.block_sparse_moe.experts.4.w2.weight', 'model.layers.31.block_sparse_moe.experts.9.w3.weight', 'model.layers.5.block_sparse_moe.experts.10.w3.weight', 'model.layers.26.block_sparse_moe.experts.14.w3.weight', 'model.layers.7.block_sparse_moe.experts.2.w2.weight', 'model.layers.2.block_sparse_moe.experts.6.w3.weight', 'model.layers.30.block_sparse_moe.experts.6.w2.weight', 'model.layers.17.block_sparse_moe.experts.15.w1.weight', 'model.layers.15.block_sparse_moe.experts.7.w2.weight', 'model.layers.17.block_sparse_moe.experts.12.w2.weight', 'model.layers.26.block_sparse_moe.experts.6.w3.weight', 'model.layers.2.block_sparse_moe.experts.12.w2.weight', 'model.layers.28.block_sparse_moe.experts.10.w1.weight', 'model.layers.31.block_sparse_moe.experts.15.w2.weight', 'model.layers.25.block_sparse_moe.experts.11.w1.weight', 'model.layers.25.block_sparse_moe.experts.1.w3.weight', 'model.layers.3.block_sparse_moe.experts.9.w1.weight', 'model.layers.20.block_sparse_moe.experts.8.w1.weight', 'model.layers.18.block_sparse_moe.experts.7.w3.weight', 'model.layers.23.block_sparse_moe.experts.2.w1.weight', 'model.layers.22.block_sparse_moe.experts.7.w1.weight', 'model.layers.20.block_sparse_moe.experts.3.w3.weight', 'model.layers.8.block_sparse_moe.experts.15.w1.weight', 'model.layers.25.block_sparse_moe.experts.8.w3.weight', 'model.layers.13.block_sparse_moe.experts.15.w2.weight', 'model.layers.7.block_sparse_moe.experts.15.w1.weight', 'model.layers.30.block_sparse_moe.experts.10.w1.weight', 'model.layers.27.block_sparse_moe.experts.6.w3.weight', 'model.layers.6.block_sparse_moe.experts.9.w3.weight', 'model.layers.12.block_sparse_moe.experts.7.w2.weight', 'model.layers.11.block_sparse_moe.experts.7.w2.weight', 'model.layers.14.block_sparse_moe.experts.7.w1.weight', 'model.layers.11.block_sparse_moe.experts.14.w3.weight', 'model.layers.29.block_sparse_moe.experts.5.w2.weight', 'model.layers.9.block_sparse_moe.experts.2.w2.weight', 'model.layers.22.block_sparse_moe.experts.10.w2.weight', 'model.layers.29.block_sparse_moe.experts.14.w1.weight', 'model.layers.12.block_sparse_moe.experts.5.w2.weight', 'model.layers.26.block_sparse_moe.experts.9.w3.weight', 'model.layers.9.block_sparse_moe.experts.8.w2.weight', 'model.layers.28.block_sparse_moe.experts.7.w3.weight', 'model.layers.25.block_sparse_moe.experts.15.w2.weight', 'model.layers.6.block_sparse_moe.experts.14.w2.weight', 'model.layers.24.block_sparse_moe.experts.6.w2.weight', 'model.layers.29.block_sparse_moe.experts.4.w1.weight', 'model.layers.11.block_sparse_moe.experts.14.w1.weight', 'model.layers.23.block_sparse_moe.experts.15.w1.weight', 'model.layers.14.block_sparse_moe.experts.12.w1.weight', 'model.layers.24.block_sparse_moe.experts.14.w3.weight', 'model.layers.6.block_sparse_moe.experts.10.w1.weight', 'model.layers.10.block_sparse_moe.experts.6.w3.weight', 'model.layers.14.block_sparse_moe.experts.5.w2.weight', 'model.layers.1.block_sparse_moe.experts.11.w1.weight', 'model.layers.5.block_sparse_moe.experts.1.w3.weight', 'model.layers.3.block_sparse_moe.experts.3.w2.weight', 'model.layers.17.block_sparse_moe.experts.13.w2.weight', 'model.layers.10.block_sparse_moe.experts.12.w3.weight', 'model.layers.7.block_sparse_moe.experts.10.w1.weight', 'model.layers.19.block_sparse_moe.experts.8.w2.weight', 'model.layers.30.block_sparse_moe.experts.10.w3.weight', 'model.layers.7.block_sparse_moe.experts.5.w2.weight', 'model.layers.26.block_sparse_moe.experts.1.w2.weight', 'model.layers.7.block_sparse_moe.experts.14.w2.weight', 'model.layers.4.block_sparse_moe.experts.7.w2.weight', 'model.layers.26.block_sparse_moe.experts.7.w3.weight', 'model.layers.22.block_sparse_moe.experts.12.w3.weight', 'model.layers.25.block_sparse_moe.experts.14.w3.weight', 'model.layers.28.block_sparse_moe.experts.7.w1.weight', 'model.layers.0.block_sparse_moe.experts.10.w2.weight', 'model.layers.8.block_sparse_moe.experts.13.w2.weight', 'model.layers.18.block_sparse_moe.experts.14.w1.weight', 'model.layers.26.block_sparse_moe.experts.3.w1.weight', 'model.layers.20.block_sparse_moe.experts.1.w2.weight', 'model.layers.29.block_sparse_moe.experts.12.w3.weight', 'model.layers.25.block_sparse_moe.experts.4.w3.weight', 'model.layers.14.block_sparse_moe.experts.14.w1.weight', 'model.layers.31.block_sparse_moe.experts.14.w2.weight', 'model.layers.3.block_sparse_moe.experts.12.w2.weight', 'model.layers.23.block_sparse_moe.experts.13.w3.weight', 'model.layers.2.block_sparse_moe.experts.14.w1.weight', 'model.layers.20.block_sparse_moe.experts.6.w1.weight', 'model.layers.14.block_sparse_moe.experts.5.w1.weight', 'model.layers.15.block_sparse_moe.experts.11.w3.weight', 'model.layers.26.block_sparse_moe.experts.11.w2.weight', 'model.layers.30.block_sparse_moe.experts.8.w2.weight', 'model.layers.3.block_sparse_moe.experts.4.w1.weight', 'model.layers.2.block_sparse_moe.experts.15.w1.weight', 'model.layers.11.block_sparse_moe.experts.4.w2.weight', 'model.layers.11.block_sparse_moe.experts.1.w3.weight', 'model.layers.15.block_sparse_moe.experts.12.w2.weight', 'model.layers.4.block_sparse_moe.experts.4.w3.weight', 'model.layers.6.block_sparse_moe.experts.15.w3.weight', 'model.layers.0.block_sparse_moe.experts.12.w1.weight', 'model.layers.20.block_sparse_moe.experts.7.w3.weight', 'model.layers.28.block_sparse_moe.experts.1.w2.weight', 'model.layers.7.block_sparse_moe.experts.15.w3.weight', 'model.layers.10.block_sparse_moe.experts.15.w3.weight', 'model.layers.6.block_sparse_moe.experts.15.w2.weight', 'model.layers.2.block_sparse_moe.experts.9.w3.weight', 'model.layers.31.block_sparse_moe.experts.14.w1.weight', 'model.layers.8.block_sparse_moe.experts.15.w3.weight', 'model.layers.0.block_sparse_moe.experts.15.w1.weight', 'model.layers.9.block_sparse_moe.experts.9.w1.weight', 'model.layers.4.block_sparse_moe.experts.8.w3.weight', 'model.layers.17.block_sparse_moe.experts.1.w3.weight', 'model.layers.26.block_sparse_moe.experts.9.w2.weight', 'model.layers.13.block_sparse_moe.experts.7.w1.weight', 'model.layers.5.block_sparse_moe.experts.14.w1.weight', 'model.layers.9.block_sparse_moe.experts.12.w1.weight', 'model.layers.21.block_sparse_moe.experts.11.w3.weight', 'model.layers.31.block_sparse_moe.experts.3.w1.weight', 'model.layers.27.block_sparse_moe.experts.2.w3.weight', 'model.layers.13.block_sparse_moe.experts.6.w3.weight', 'model.layers.0.block_sparse_moe.experts.9.w2.weight', 'model.layers.24.block_sparse_moe.experts.2.w1.weight', 'model.layers.25.block_sparse_moe.experts.8.w2.weight', 'model.layers.13.block_sparse_moe.experts.1.w2.weight', 'model.layers.26.block_sparse_moe.experts.5.w3.weight', 'model.layers.19.block_sparse_moe.experts.14.w3.weight', 'model.layers.30.block_sparse_moe.experts.5.w2.weight', 'model.layers.31.block_sparse_moe.experts.5.w2.weight', 'model.layers.31.block_sparse_moe.experts.6.w1.weight', 'model.layers.15.block_sparse_moe.experts.9.w3.weight', 'model.layers.21.block_sparse_moe.experts.10.w3.weight', 'model.layers.29.block_sparse_moe.experts.9.w2.weight', 'model.layers.2.block_sparse_moe.experts.7.w2.weight', 'model.layers.16.block_sparse_moe.experts.5.w3.weight', 'model.layers.18.block_sparse_moe.experts.4.w2.weight', 'model.layers.0.block_sparse_moe.experts.9.w1.weight', 'model.layers.3.block_sparse_moe.experts.14.w2.weight', 'model.layers.9.block_sparse_moe.experts.10.w3.weight', 'model.layers.19.block_sparse_moe.experts.13.w3.weight', 'model.layers.17.block_sparse_moe.experts.10.w1.weight', 'model.layers.19.block_sparse_moe.experts.3.w1.weight', 'model.layers.0.block_sparse_moe.experts.13.w1.weight', 'model.layers.9.block_sparse_moe.experts.2.w1.weight', 'model.layers.28.block_sparse_moe.experts.8.w1.weight', 'model.layers.14.block_sparse_moe.experts.10.w1.weight', 'model.layers.5.block_sparse_moe.experts.9.w3.weight', 'model.layers.6.block_sparse_moe.experts.10.w2.weight', 'model.layers.23.block_sparse_moe.experts.9.w3.weight', 'model.layers.26.block_sparse_moe.experts.6.w2.weight', 'model.layers.26.block_sparse_moe.experts.4.w1.weight', 'model.layers.5.block_sparse_moe.experts.6.w3.weight', 'model.layers.7.block_sparse_moe.experts.14.w1.weight', 'model.layers.25.block_sparse_moe.experts.7.w2.weight', 'model.layers.12.block_sparse_moe.experts.8.w1.weight', 'model.layers.12.block_sparse_moe.experts.9.w3.weight', 'model.layers.28.block_sparse_moe.experts.15.w1.weight', 'model.layers.14.block_sparse_moe.experts.9.w3.weight', 'model.layers.10.block_sparse_moe.experts.10.w2.weight', 'model.layers.9.block_sparse_moe.experts.13.w1.weight', 'model.layers.21.block_sparse_moe.experts.3.w1.weight', 'model.layers.10.block_sparse_moe.experts.5.w2.weight', 'model.layers.3.block_sparse_moe.experts.8.w1.weight', 'model.layers.13.block_sparse_moe.experts.14.w3.weight', 'model.layers.24.block_sparse_moe.experts.8.w1.weight', 'model.layers.28.block_sparse_moe.experts.14.w3.weight', 'model.layers.0.block_sparse_moe.experts.1.w1.weight', 'model.layers.22.block_sparse_moe.experts.14.w1.weight', 'model.layers.8.block_sparse_moe.experts.13.w1.weight', 'model.layers.12.block_sparse_moe.experts.8.w3.weight', 'model.layers.20.block_sparse_moe.experts.11.w3.weight', 'model.layers.19.block_sparse_moe.experts.8.w1.weight', 'model.layers.1.block_sparse_moe.experts.2.w3.weight', 'model.layers.12.block_sparse_moe.experts.13.w3.weight', 'model.layers.29.block_sparse_moe.experts.13.w3.weight', 'model.layers.20.block_sparse_moe.experts.5.w3.weight', 'model.layers.11.block_sparse_moe.experts.1.w1.weight', 'model.layers.29.block_sparse_moe.experts.14.w2.weight', 'model.layers.3.block_sparse_moe.experts.6.w1.weight', 'model.layers.4.block_sparse_moe.experts.11.w3.weight', 'model.layers.24.block_sparse_moe.experts.5.w2.weight', 'model.layers.15.block_sparse_moe.experts.10.w3.weight', 'model.layers.31.block_sparse_moe.experts.4.w2.weight', 'model.layers.3.block_sparse_moe.experts.13.w1.weight', 'model.layers.0.block_sparse_moe.experts.13.w2.weight', 'model.layers.3.block_sparse_moe.experts.5.w1.weight', 'model.layers.31.block_sparse_moe.experts.15.w3.weight', 'model.layers.5.block_sparse_moe.experts.9.w2.weight', 'model.layers.30.block_sparse_moe.experts.12.w3.weight', 'model.layers.7.block_sparse_moe.experts.9.w3.weight', 'model.layers.8.block_sparse_moe.experts.4.w2.weight', 'model.layers.23.block_sparse_moe.experts.2.w2.weight', 'model.layers.17.block_sparse_moe.experts.9.w1.weight', 'model.layers.18.block_sparse_moe.experts.9.w3.weight', 'model.layers.14.block_sparse_moe.experts.12.w2.weight', 'model.layers.17.block_sparse_moe.experts.5.w2.weight', 'model.layers.22.block_sparse_moe.experts.3.w1.weight', 'model.layers.12.block_sparse_moe.experts.14.w3.weight', 'model.layers.31.block_sparse_moe.experts.13.w1.weight', 'model.layers.19.block_sparse_moe.experts.14.w1.weight', 'model.layers.22.block_sparse_moe.experts.6.w2.weight', 'model.layers.10.block_sparse_moe.experts.11.w2.weight', 'model.layers.16.block_sparse_moe.experts.9.w1.weight', 'model.layers.26.block_sparse_moe.experts.3.w2.weight', 'model.layers.25.block_sparse_moe.experts.1.w2.weight', 'model.layers.17.block_sparse_moe.experts.9.w2.weight', 'model.layers.6.block_sparse_moe.experts.12.w1.weight', 'model.layers.24.block_sparse_moe.experts.9.w1.weight', 'model.layers.1.block_sparse_moe.experts.12.w2.weight', 'model.layers.29.block_sparse_moe.experts.10.w1.weight', 'model.layers.4.block_sparse_moe.experts.15.w1.weight', 'model.layers.14.block_sparse_moe.experts.15.w2.weight', 'model.layers.16.block_sparse_moe.experts.13.w3.weight', 'model.layers.28.block_sparse_moe.experts.9.w1.weight', 'model.layers.8.block_sparse_moe.experts.13.w3.weight', 'model.layers.5.block_sparse_moe.experts.8.w3.weight', 'model.layers.28.block_sparse_moe.experts.5.w2.weight', 'model.layers.0.block_sparse_moe.experts.7.w3.weight', 'model.layers.28.block_sparse_moe.experts.2.w3.weight', 'model.layers.10.block_sparse_moe.experts.6.w2.weight', 'model.layers.9.block_sparse_moe.experts.6.w1.weight', 'model.layers.16.block_sparse_moe.experts.7.w2.weight', 'model.layers.22.block_sparse_moe.experts.8.w2.weight', 'model.layers.18.block_sparse_moe.experts.4.w3.weight', 'model.layers.24.block_sparse_moe.experts.9.w3.weight', 'model.layers.17.block_sparse_moe.experts.7.w3.weight', 'model.layers.11.block_sparse_moe.experts.8.w1.weight', 'model.layers.3.block_sparse_moe.experts.7.w3.weight', 'model.layers.14.block_sparse_moe.experts.14.w2.weight', 'model.layers.1.block_sparse_moe.experts.9.w2.weight', 'model.layers.10.block_sparse_moe.experts.4.w3.weight', 'model.layers.9.block_sparse_moe.experts.11.w3.weight', 'model.layers.30.block_sparse_moe.experts.14.w2.weight', 'model.layers.8.block_sparse_moe.experts.11.w2.weight', 'model.layers.23.block_sparse_moe.experts.14.w1.weight', 'model.layers.20.block_sparse_moe.experts.7.w1.weight', 'model.layers.18.block_sparse_moe.experts.9.w2.weight', 'model.layers.20.block_sparse_moe.experts.7.w2.weight', 'model.layers.22.block_sparse_moe.experts.11.w1.weight', 'model.layers.18.block_sparse_moe.experts.15.w1.weight', 'model.layers.1.block_sparse_moe.experts.7.w2.weight', 'model.layers.24.block_sparse_moe.experts.2.w3.weight', 'model.layers.17.block_sparse_moe.experts.11.w3.weight', 'model.layers.19.block_sparse_moe.experts.13.w2.weight', 'model.layers.13.block_sparse_moe.experts.4.w3.weight', 'model.layers.26.block_sparse_moe.experts.15.w3.weight', 'model.layers.19.block_sparse_moe.experts.6.w1.weight', 'model.layers.17.block_sparse_moe.experts.12.w3.weight', 'model.layers.9.block_sparse_moe.experts.2.w3.weight', 'model.layers.17.block_sparse_moe.experts.9.w3.weight', 'model.layers.3.block_sparse_moe.experts.9.w3.weight', 'model.layers.18.block_sparse_moe.experts.11.w2.weight', 'model.layers.0.block_sparse_moe.experts.14.w2.weight', 'model.layers.5.block_sparse_moe.experts.8.w2.weight', 'model.layers.2.block_sparse_moe.experts.5.w3.weight', 'model.layers.12.block_sparse_moe.experts.15.w3.weight', 'model.layers.24.block_sparse_moe.experts.3.w3.weight', 'model.layers.20.block_sparse_moe.experts.8.w3.weight', 'model.layers.5.block_sparse_moe.experts.9.w1.weight', 'model.layers.5.block_sparse_moe.experts.12.w2.weight', 'model.layers.30.block_sparse_moe.experts.5.w3.weight', 'model.layers.8.block_sparse_moe.experts.3.w3.weight', 'model.layers.12.block_sparse_moe.experts.9.w1.weight', 'model.layers.5.block_sparse_moe.experts.8.w1.weight', 'model.layers.2.block_sparse_moe.experts.10.w3.weight', 'model.layers.27.block_sparse_moe.experts.9.w2.weight', 'model.layers.16.block_sparse_moe.experts.14.w3.weight', 'model.layers.6.block_sparse_moe.experts.13.w3.weight', 'model.layers.1.block_sparse_moe.experts.15.w3.weight', 'model.layers.9.block_sparse_moe.experts.6.w3.weight', 'model.layers.14.block_sparse_moe.experts.4.w2.weight', 'model.layers.0.block_sparse_moe.experts.6.w1.weight', 'model.layers.4.block_sparse_moe.experts.14.w2.weight', 'model.layers.18.block_sparse_moe.experts.2.w2.weight', 'model.layers.21.block_sparse_moe.experts.6.w3.weight', 'model.layers.29.block_sparse_moe.experts.6.w2.weight', 'model.layers.13.block_sparse_moe.experts.14.w1.weight', 'model.layers.17.block_sparse_moe.experts.15.w3.weight', 'model.layers.23.block_sparse_moe.experts.7.w3.weight', 'model.layers.22.block_sparse_moe.experts.8.w3.weight', 'model.layers.3.block_sparse_moe.experts.9.w2.weight', 'model.layers.20.block_sparse_moe.experts.8.w2.weight', 'model.layers.6.block_sparse_moe.experts.4.w3.weight', 'model.layers.20.block_sparse_moe.experts.11.w2.weight', 'model.layers.18.block_sparse_moe.experts.8.w3.weight', 'model.layers.12.block_sparse_moe.experts.11.w1.weight', 'model.layers.30.block_sparse_moe.experts.8.w1.weight', 'model.layers.24.block_sparse_moe.experts.10.w2.weight', 'model.layers.29.block_sparse_moe.experts.3.w2.weight', 'model.layers.5.block_sparse_moe.experts.15.w2.weight', 'model.layers.1.block_sparse_moe.experts.2.w2.weight', 'model.layers.10.block_sparse_moe.experts.3.w2.weight', 'model.layers.26.block_sparse_moe.experts.7.w1.weight', 'model.layers.12.block_sparse_moe.experts.12.w1.weight', 'model.layers.11.block_sparse_moe.experts.9.w2.weight', 'model.layers.27.block_sparse_moe.experts.5.w1.weight', 'model.layers.3.block_sparse_moe.experts.11.w2.weight', 'model.layers.31.block_sparse_moe.experts.9.w1.weight', 'model.layers.21.block_sparse_moe.experts.5.w1.weight', 'model.layers.26.block_sparse_moe.experts.12.w3.weight', 'model.layers.25.block_sparse_moe.experts.3.w2.weight', 'model.layers.2.block_sparse_moe.experts.5.w2.weight', 'model.layers.17.block_sparse_moe.experts.12.w1.weight', 'model.layers.27.block_sparse_moe.experts.4.w1.weight', 'model.layers.27.block_sparse_moe.experts.6.w2.weight', 'model.layers.2.block_sparse_moe.experts.7.w1.weight', 'model.layers.29.block_sparse_moe.experts.8.w1.weight', 'model.layers.7.block_sparse_moe.experts.12.w2.weight', 'model.layers.22.block_sparse_moe.experts.4.w2.weight', 'model.layers.7.block_sparse_moe.experts.9.w2.weight', 'model.layers.19.block_sparse_moe.experts.11.w1.weight', 'model.layers.10.block_sparse_moe.experts.12.w1.weight', 'model.layers.21.block_sparse_moe.experts.10.w2.weight', 'model.layers.4.block_sparse_moe.experts.9.w1.weight', 'model.layers.4.block_sparse_moe.experts.15.w3.weight', 'model.layers.0.block_sparse_moe.experts.7.w1.weight', 'model.layers.7.block_sparse_moe.experts.7.w2.weight', 'model.layers.28.block_sparse_moe.experts.9.w3.weight', 'model.layers.14.block_sparse_moe.experts.10.w3.weight', 'model.layers.19.block_sparse_moe.experts.11.w2.weight', 'model.layers.25.block_sparse_moe.experts.5.w3.weight', 'model.layers.15.block_sparse_moe.experts.5.w3.weight', 'model.layers.22.block_sparse_moe.experts.10.w1.weight', 'model.layers.20.block_sparse_moe.experts.15.w2.weight', 'model.layers.8.block_sparse_moe.experts.3.w1.weight', 'model.layers.16.block_sparse_moe.experts.5.w1.weight', 'model.layers.2.block_sparse_moe.experts.9.w1.weight', 'model.layers.20.block_sparse_moe.experts.13.w2.weight', 'model.layers.12.block_sparse_moe.experts.7.w1.weight', 'model.layers.13.block_sparse_moe.experts.11.w3.weight', 'model.layers.31.block_sparse_moe.experts.10.w3.weight', 'model.layers.21.block_sparse_moe.experts.13.w2.weight', 'model.layers.17.block_sparse_moe.experts.8.w3.weight', 'model.layers.18.block_sparse_moe.experts.10.w3.weight', 'model.layers.28.block_sparse_moe.experts.12.w1.weight', 'model.layers.15.block_sparse_moe.experts.9.w2.weight', 'model.layers.31.block_sparse_moe.experts.12.w1.weight', 'model.layers.11.block_sparse_moe.experts.14.w2.weight', 'model.layers.8.block_sparse_moe.experts.12.w2.weight', 'model.layers.21.block_sparse_moe.experts.4.w1.weight', 'model.layers.12.block_sparse_moe.experts.10.w2.weight', 'model.layers.11.block_sparse_moe.experts.9.w3.weight', 'model.layers.29.block_sparse_moe.experts.3.w3.weight', 'model.layers.3.block_sparse_moe.experts.6.w2.weight', 'model.layers.28.block_sparse_moe.experts.6.w3.weight', 'model.layers.6.block_sparse_moe.experts.5.w3.weight', 'model.layers.8.block_sparse_moe.experts.4.w3.weight', 'model.layers.0.block_sparse_moe.experts.5.w2.weight', 'model.layers.12.block_sparse_moe.experts.15.w1.weight', 'model.layers.15.block_sparse_moe.experts.11.w1.weight', 'model.layers.26.block_sparse_moe.experts.12.w1.weight', 'model.layers.24.block_sparse_moe.experts.14.w1.weight', 'model.layers.22.block_sparse_moe.experts.5.w3.weight', 'model.layers.18.block_sparse_moe.experts.6.w2.weight', 'model.layers.18.block_sparse_moe.experts.15.w3.weight', 'model.layers.6.block_sparse_moe.experts.8.w3.weight', 'model.layers.11.block_sparse_moe.experts.15.w2.weight', 'model.layers.18.block_sparse_moe.experts.5.w2.weight', 'model.layers.7.block_sparse_moe.experts.12.w1.weight', 'model.layers.22.block_sparse_moe.experts.3.w2.weight', 'model.layers.30.block_sparse_moe.experts.13.w3.weight', 'model.layers.29.block_sparse_moe.experts.10.w3.weight', 'model.layers.28.block_sparse_moe.experts.14.w2.weight', 'model.layers.25.block_sparse_moe.experts.13.w2.weight', 'model.layers.20.block_sparse_moe.experts.14.w3.weight', 'model.layers.30.block_sparse_moe.experts.4.w3.weight', 'model.layers.22.block_sparse_moe.experts.15.w3.weight', 'model.layers.29.block_sparse_moe.experts.2.w1.weight', 'model.layers.2.block_sparse_moe.experts.2.w2.weight', 'model.layers.7.block_sparse_moe.experts.8.w1.weight', 'model.layers.24.block_sparse_moe.experts.12.w1.weight', 'model.layers.22.block_sparse_moe.experts.15.w2.weight', 'model.layers.13.block_sparse_moe.experts.8.w2.weight', 'model.layers.11.block_sparse_moe.experts.11.w1.weight', 'model.layers.4.block_sparse_moe.experts.14.w3.weight', 'model.layers.29.block_sparse_moe.experts.12.w2.weight', 'model.layers.30.block_sparse_moe.experts.8.w3.weight', 'model.layers.19.block_sparse_moe.experts.9.w3.weight', 'model.layers.30.block_sparse_moe.experts.11.w3.weight', 'model.layers.8.block_sparse_moe.experts.14.w2.weight', 'model.layers.12.block_sparse_moe.experts.3.w3.weight', 'model.layers.28.block_sparse_moe.experts.6.w1.weight', 'model.layers.9.block_sparse_moe.experts.12.w2.weight', 'model.layers.31.block_sparse_moe.experts.14.w3.weight', 'model.layers.7.block_sparse_moe.experts.5.w3.weight', 'model.layers.0.block_sparse_moe.experts.8.w1.weight', 'model.layers.14.block_sparse_moe.experts.11.w1.weight', 'model.layers.16.block_sparse_moe.experts.4.w3.weight', 'model.layers.17.block_sparse_moe.experts.10.w3.weight', 'model.layers.4.block_sparse_moe.experts.9.w2.weight', 'model.layers.0.block_sparse_moe.experts.13.w3.weight', 'model.layers.8.block_sparse_moe.experts.12.w1.weight', 'model.layers.4.block_sparse_moe.experts.7.w3.weight', 'model.layers.18.block_sparse_moe.experts.10.w2.weight', 'model.layers.0.block_sparse_moe.experts.3.w2.weight', 'model.layers.21.block_sparse_moe.experts.14.w1.weight', 'model.layers.20.block_sparse_moe.experts.13.w3.weight', 'model.layers.11.block_sparse_moe.experts.8.w3.weight', 'model.layers.9.block_sparse_moe.experts.8.w3.weight', 'model.layers.10.block_sparse_moe.experts.11.w3.weight', 'model.layers.21.block_sparse_moe.experts.15.w3.weight', 'model.layers.15.block_sparse_moe.experts.13.w3.weight', 'model.layers.2.block_sparse_moe.experts.14.w3.weight', 'model.layers.28.block_sparse_moe.experts.4.w1.weight', 'model.layers.1.block_sparse_moe.experts.14.w3.weight', 'model.layers.2.block_sparse_moe.experts.4.w3.weight', 'model.layers.8.block_sparse_moe.experts.2.w1.weight', 'model.layers.24.block_sparse_moe.experts.5.w3.weight', 'model.layers.30.block_sparse_moe.experts.13.w1.weight', 'model.layers.4.block_sparse_moe.experts.10.w3.weight', 'model.layers.0.block_sparse_moe.experts.14.w1.weight', 'model.layers.19.block_sparse_moe.experts.11.w3.weight', 'model.layers.18.block_sparse_moe.experts.15.w2.weight', 'model.layers.30.block_sparse_moe.experts.14.w1.weight', 'model.layers.26.block_sparse_moe.experts.10.w3.weight', 'model.layers.24.block_sparse_moe.experts.4.w2.weight', 'model.layers.5.block_sparse_moe.experts.7.w1.weight', 'model.layers.24.block_sparse_moe.experts.11.w1.weight', 'model.layers.13.block_sparse_moe.experts.9.w1.weight', 'model.layers.15.block_sparse_moe.experts.3.w1.weight', 'model.layers.22.block_sparse_moe.experts.13.w1.weight', 'model.layers.14.block_sparse_moe.experts.6.w2.weight', 'model.layers.5.block_sparse_moe.experts.14.w3.weight', 'model.layers.16.block_sparse_moe.experts.9.w2.weight', 'model.layers.10.block_sparse_moe.experts.14.w2.weight', 'model.layers.26.block_sparse_moe.experts.12.w2.weight', 'model.layers.20.block_sparse_moe.experts.12.w2.weight', 'model.layers.10.block_sparse_moe.experts.7.w1.weight', 'model.layers.16.block_sparse_moe.experts.4.w1.weight', 'model.layers.12.block_sparse_moe.experts.2.w2.weight', 'model.layers.24.block_sparse_moe.experts.7.w2.weight', 'model.layers.6.block_sparse_moe.experts.6.w3.weight', 'model.layers.14.block_sparse_moe.experts.14.w3.weight', 'model.layers.5.block_sparse_moe.experts.6.w1.weight', 'model.layers.0.block_sparse_moe.experts.12.w2.weight', 'model.layers.8.block_sparse_moe.experts.2.w3.weight', 'model.layers.12.block_sparse_moe.experts.3.w2.weight', 'model.layers.10.block_sparse_moe.experts.10.w1.weight', 'model.layers.7.block_sparse_moe.experts.12.w3.weight', 'model.layers.13.block_sparse_moe.experts.9.w2.weight', 'model.layers.21.block_sparse_moe.experts.9.w3.weight', 'model.layers.24.block_sparse_moe.experts.14.w2.weight', 'model.layers.29.block_sparse_moe.experts.15.w3.weight', 'model.layers.1.block_sparse_moe.experts.12.w3.weight', 'model.layers.0.block_sparse_moe.experts.1.w3.weight', 'model.layers.9.block_sparse_moe.experts.12.w3.weight', 'model.layers.18.block_sparse_moe.experts.13.w3.weight', 'model.layers.23.block_sparse_moe.experts.14.w3.weight', 'model.layers.16.block_sparse_moe.experts.11.w1.weight', 'model.layers.25.block_sparse_moe.experts.11.w3.weight', 'model.layers.18.block_sparse_moe.experts.2.w1.weight', 'model.layers.16.block_sparse_moe.experts.1.w3.weight', 'model.layers.12.block_sparse_moe.experts.10.w1.weight', 'model.layers.19.block_sparse_moe.experts.15.w3.weight', 'model.layers.13.block_sparse_moe.experts.4.w1.weight', 'model.layers.8.block_sparse_moe.experts.7.w1.weight', 'model.layers.9.block_sparse_moe.experts.10.w1.weight', 'model.layers.8.block_sparse_moe.experts.6.w1.weight', 'model.layers.4.block_sparse_moe.experts.4.w2.weight', 'model.layers.9.block_sparse_moe.experts.10.w2.weight', 'model.layers.31.block_sparse_moe.experts.10.w2.weight', 'model.layers.12.block_sparse_moe.experts.15.w2.weight', 'model.layers.24.block_sparse_moe.experts.2.w2.weight', 'model.layers.18.block_sparse_moe.experts.14.w3.weight', 'model.layers.25.block_sparse_moe.experts.14.w1.weight', 'model.layers.11.block_sparse_moe.experts.10.w2.weight', 'model.layers.30.block_sparse_moe.experts.7.w1.weight', 'model.layers.5.block_sparse_moe.experts.13.w1.weight', 'model.layers.11.block_sparse_moe.experts.15.w3.weight', 'model.layers.13.block_sparse_moe.experts.6.w1.weight', 'model.layers.4.block_sparse_moe.experts.10.w2.weight', 'model.layers.12.block_sparse_moe.experts.5.w3.weight', 'model.layers.7.block_sparse_moe.experts.6.w1.weight', 'model.layers.8.block_sparse_moe.experts.2.w2.weight', 'model.layers.20.block_sparse_moe.experts.3.w1.weight', 'model.layers.21.block_sparse_moe.experts.12.w1.weight', 'model.layers.24.block_sparse_moe.experts.9.w2.weight', 'model.layers.26.block_sparse_moe.experts.3.w3.weight', 'model.layers.29.block_sparse_moe.experts.6.w1.weight', 'model.layers.0.block_sparse_moe.experts.8.w2.weight', 'model.layers.24.block_sparse_moe.experts.8.w3.weight', 'model.layers.23.block_sparse_moe.experts.13.w1.weight', 'model.layers.29.block_sparse_moe.experts.5.w1.weight', 'model.layers.16.block_sparse_moe.experts.12.w2.weight', 'model.layers.9.block_sparse_moe.experts.9.w2.weight', 'model.layers.7.block_sparse_moe.experts.7.w3.weight', 'model.layers.2.block_sparse_moe.experts.11.w1.weight', 'model.layers.14.block_sparse_moe.experts.15.w1.weight', 'model.layers.6.block_sparse_moe.experts.5.w1.weight', 'model.layers.20.block_sparse_moe.experts.10.w3.weight', 'model.layers.6.block_sparse_moe.experts.12.w3.weight', 'model.layers.6.block_sparse_moe.experts.3.w2.weight', 'model.layers.17.block_sparse_moe.experts.11.w1.weight', 'model.layers.15.block_sparse_moe.experts.12.w3.weight', 'model.layers.25.block_sparse_moe.experts.10.w1.weight', 'model.layers.16.block_sparse_moe.experts.13.w2.weight', 'model.layers.26.block_sparse_moe.experts.11.w3.weight', 'model.layers.19.block_sparse_moe.experts.6.w3.weight', 'model.layers.20.block_sparse_moe.experts.12.w1.weight', 'model.layers.11.block_sparse_moe.experts.10.w3.weight', 'model.layers.13.block_sparse_moe.experts.5.w2.weight', 'model.layers.19.block_sparse_moe.experts.12.w2.weight', 'model.layers.23.block_sparse_moe.experts.12.w3.weight', 'model.layers.7.block_sparse_moe.experts.6.w3.weight', 'model.layers.16.block_sparse_moe.experts.14.w1.weight', 'model.layers.27.block_sparse_moe.experts.4.w3.weight', 'model.layers.31.block_sparse_moe.experts.7.w2.weight', 'model.layers.26.block_sparse_moe.experts.15.w2.weight', 'model.layers.25.block_sparse_moe.experts.3.w3.weight', 'model.layers.9.block_sparse_moe.experts.14.w3.weight', 'model.layers.21.block_sparse_moe.experts.13.w3.weight', 'model.layers.29.block_sparse_moe.experts.4.w2.weight', 'model.layers.16.block_sparse_moe.experts.12.w3.weight', 'model.layers.25.block_sparse_moe.experts.12.w3.weight', 'model.layers.6.block_sparse_moe.experts.3.w1.weight', 'model.layers.10.block_sparse_moe.experts.6.w1.weight', 'model.layers.24.block_sparse_moe.experts.3.w1.weight', 'model.layers.22.block_sparse_moe.experts.10.w3.weight', 'model.layers.31.block_sparse_moe.experts.5.w3.weight', 'model.layers.14.block_sparse_moe.experts.9.w2.weight', 'model.layers.11.block_sparse_moe.experts.4.w3.weight', 'model.layers.10.block_sparse_moe.experts.3.w3.weight', 'model.layers.26.block_sparse_moe.experts.5.w2.weight', 'model.layers.12.block_sparse_moe.experts.2.w3.weight', 'model.layers.17.block_sparse_moe.experts.14.w2.weight', 'model.layers.5.block_sparse_moe.experts.6.w2.weight', 'model.layers.27.block_sparse_moe.experts.13.w2.weight', 'model.layers.1.block_sparse_moe.experts.6.w1.weight', 'model.layers.13.block_sparse_moe.experts.8.w1.weight', 'model.layers.9.block_sparse_moe.experts.5.w1.weight', 'model.layers.23.block_sparse_moe.experts.4.w2.weight', 'model.layers.25.block_sparse_moe.experts.6.w3.weight', 'model.layers.4.block_sparse_moe.experts.4.w1.weight', 'model.layers.28.block_sparse_moe.experts.9.w2.weight', 'model.layers.9.block_sparse_moe.experts.15.w3.weight', 'model.layers.14.block_sparse_moe.experts.11.w2.weight', 'model.layers.11.block_sparse_moe.experts.12.w2.weight', 'model.layers.22.block_sparse_moe.experts.7.w2.weight', 'model.layers.22.block_sparse_moe.experts.12.w1.weight', 'model.layers.8.block_sparse_moe.experts.15.w2.weight', 'model.layers.23.block_sparse_moe.experts.11.w2.weight', 'model.layers.14.block_sparse_moe.experts.7.w3.weight', 'model.layers.30.block_sparse_moe.experts.15.w2.weight', 'model.layers.13.block_sparse_moe.experts.13.w2.weight', 'model.layers.10.block_sparse_moe.experts.15.w2.weight', 'model.layers.27.block_sparse_moe.experts.7.w2.weight', 'model.layers.2.block_sparse_moe.experts.14.w2.weight', 'model.layers.6.block_sparse_moe.experts.9.w1.weight', 'model.layers.25.block_sparse_moe.experts.7.w3.weight', 'model.layers.30.block_sparse_moe.experts.3.w1.weight', 'model.layers.29.block_sparse_moe.experts.6.w3.weight', 'model.layers.28.block_sparse_moe.experts.12.w3.weight', 'model.layers.28.block_sparse_moe.experts.4.w3.weight', 'model.layers.3.block_sparse_moe.experts.10.w2.weight', 'model.layers.9.block_sparse_moe.experts.15.w1.weight', 'model.layers.17.block_sparse_moe.experts.8.w2.weight', 'model.layers.6.block_sparse_moe.experts.14.w3.weight', 'model.layers.5.block_sparse_moe.experts.7.w2.weight', 'model.layers.28.block_sparse_moe.experts.5.w3.weight', 'model.layers.3.block_sparse_moe.experts.13.w2.weight', 'model.layers.16.block_sparse_moe.experts.5.w2.weight', 'model.layers.30.block_sparse_moe.experts.5.w1.weight', 'model.layers.23.block_sparse_moe.experts.9.w1.weight', 'model.layers.27.block_sparse_moe.experts.3.w2.weight', 'model.layers.27.block_sparse_moe.experts.14.w2.weight', 'model.layers.29.block_sparse_moe.experts.9.w3.weight', 'model.layers.25.block_sparse_moe.experts.13.w3.weight', 'model.layers.21.block_sparse_moe.experts.3.w2.weight', 'model.layers.26.block_sparse_moe.experts.14.w1.weight', 'model.layers.21.block_sparse_moe.experts.13.w1.weight', 'model.layers.4.block_sparse_moe.experts.5.w1.weight', 'model.layers.10.block_sparse_moe.experts.11.w1.weight', 'model.layers.8.block_sparse_moe.experts.9.w3.weight', 'model.layers.8.block_sparse_moe.experts.6.w2.weight', 'model.layers.31.block_sparse_moe.experts.5.w1.weight', 'model.layers.12.block_sparse_moe.experts.8.w2.weight', 'model.layers.22.block_sparse_moe.experts.8.w1.weight', 'model.layers.15.block_sparse_moe.experts.4.w1.weight', 'model.layers.27.block_sparse_moe.experts.3.w3.weight', 'model.layers.1.block_sparse_moe.experts.11.w2.weight', 'model.layers.23.block_sparse_moe.experts.13.w2.weight', 'model.layers.19.block_sparse_moe.experts.5.w2.weight', 'model.layers.1.block_sparse_moe.experts.10.w3.weight', 'model.layers.22.block_sparse_moe.experts.6.w1.weight', 'model.layers.19.block_sparse_moe.experts.10.w1.weight', 'model.layers.10.block_sparse_moe.experts.4.w1.weight', 'model.layers.28.block_sparse_moe.experts.13.w1.weight', 'model.layers.6.block_sparse_moe.experts.7.w1.weight', 'model.layers.10.block_sparse_moe.experts.10.w3.weight', 'model.layers.26.block_sparse_moe.experts.9.w1.weight', 'model.layers.19.block_sparse_moe.experts.7.w1.weight', 'model.layers.16.block_sparse_moe.experts.15.w3.weight', 'model.layers.15.block_sparse_moe.experts.3.w2.weight', 'model.layers.27.block_sparse_moe.experts.3.w1.weight', 'model.layers.5.block_sparse_moe.experts.13.w2.weight', 'model.layers.6.block_sparse_moe.experts.8.w2.weight', 'model.layers.1.block_sparse_moe.experts.14.w1.weight', 'model.layers.12.block_sparse_moe.experts.13.w1.weight', 'model.layers.31.block_sparse_moe.experts.11.w2.weight', 'model.layers.18.block_sparse_moe.experts.5.w3.weight', 'model.layers.22.block_sparse_moe.experts.11.w3.weight', 'model.layers.5.block_sparse_moe.experts.15.w3.weight', 'model.layers.28.block_sparse_moe.experts.14.w1.weight', 'model.layers.30.block_sparse_moe.experts.12.w2.weight', 'model.layers.2.block_sparse_moe.experts.10.w2.weight', 'model.layers.3.block_sparse_moe.experts.8.w3.weight', 'model.layers.5.block_sparse_moe.experts.10.w1.weight', 'model.layers.3.block_sparse_moe.experts.5.w2.weight', 'model.layers.18.block_sparse_moe.experts.8.w2.weight', 'model.layers.27.block_sparse_moe.experts.8.w2.weight', 'model.layers.4.block_sparse_moe.experts.13.w1.weight', 'model.layers.14.block_sparse_moe.experts.9.w1.weight', 'model.layers.14.block_sparse_moe.experts.8.w3.weight', 'model.layers.28.block_sparse_moe.experts.1.w1.weight', 'model.layers.28.block_sparse_moe.experts.11.w1.weight', 'model.layers.9.block_sparse_moe.experts.8.w1.weight', 'model.layers.23.block_sparse_moe.experts.7.w1.weight', 'model.layers.31.block_sparse_moe.experts.2.w2.weight', 'model.layers.30.block_sparse_moe.experts.14.w3.weight', 'model.layers.6.block_sparse_moe.experts.4.w2.weight', 'model.layers.3.block_sparse_moe.experts.15.w3.weight', 'model.layers.3.block_sparse_moe.experts.11.w3.weight', 'model.layers.8.block_sparse_moe.experts.7.w2.weight', 'model.layers.4.block_sparse_moe.experts.11.w2.weight', 'model.layers.16.block_sparse_moe.experts.1.w1.weight', 'model.layers.28.block_sparse_moe.experts.8.w2.weight', 'model.layers.17.block_sparse_moe.experts.13.w1.weight', 'model.layers.15.block_sparse_moe.experts.3.w3.weight', 'model.layers.22.block_sparse_moe.experts.3.w3.weight', 'model.layers.2.block_sparse_moe.experts.2.w3.weight', 'model.layers.27.block_sparse_moe.experts.7.w3.weight', 'model.layers.24.block_sparse_moe.experts.13.w2.weight', 'model.layers.23.block_sparse_moe.experts.6.w3.weight', 'model.layers.21.block_sparse_moe.experts.14.w3.weight', 'model.layers.9.block_sparse_moe.experts.14.w1.weight', 'model.layers.7.block_sparse_moe.experts.14.w3.weight', 'model.layers.13.block_sparse_moe.experts.12.w3.weight', 'model.layers.30.block_sparse_moe.experts.11.w2.weight', 'model.layers.16.block_sparse_moe.experts.8.w2.weight', 'model.layers.6.block_sparse_moe.experts.6.w2.weight', 'model.layers.27.block_sparse_moe.experts.11.w2.weight', 'model.layers.24.block_sparse_moe.experts.3.w2.weight', 'model.layers.26.block_sparse_moe.experts.6.w1.weight', 'model.layers.14.block_sparse_moe.experts.10.w2.weight', 'model.layers.7.block_sparse_moe.experts.6.w2.weight', 'model.layers.23.block_sparse_moe.experts.2.w3.weight', 'model.layers.26.block_sparse_moe.experts.13.w2.weight', 'model.layers.4.block_sparse_moe.experts.3.w2.weight', 'model.layers.21.block_sparse_moe.experts.5.w3.weight', 'model.layers.25.block_sparse_moe.experts.4.w2.weight', 'model.layers.17.block_sparse_moe.experts.10.w2.weight', 'model.layers.25.block_sparse_moe.experts.4.w1.weight', 'model.layers.28.block_sparse_moe.experts.11.w2.weight', 'model.layers.1.block_sparse_moe.experts.4.w2.weight', 'model.layers.14.block_sparse_moe.experts.13.w3.weight', 'model.layers.0.block_sparse_moe.experts.9.w3.weight', 'model.layers.23.block_sparse_moe.experts.5.w1.weight', 'model.layers.24.block_sparse_moe.experts.10.w3.weight', 'model.layers.1.block_sparse_moe.experts.9.w1.weight', 'model.layers.1.block_sparse_moe.experts.3.w2.weight', 'model.layers.4.block_sparse_moe.experts.8.w1.weight', 'model.layers.8.block_sparse_moe.experts.11.w3.weight', 'model.layers.27.block_sparse_moe.experts.5.w3.weight', 'model.layers.21.block_sparse_moe.experts.9.w2.weight', 'model.layers.30.block_sparse_moe.experts.15.w3.weight', 'model.layers.2.block_sparse_moe.experts.8.w3.weight', 'model.layers.23.block_sparse_moe.experts.12.w2.weight', 'model.layers.20.block_sparse_moe.experts.6.w2.weight', 'model.layers.25.block_sparse_moe.experts.9.w2.weight', 'model.layers.0.block_sparse_moe.experts.6.w2.weight', 'model.layers.7.block_sparse_moe.experts.8.w2.weight', 'model.layers.29.block_sparse_moe.experts.11.w2.weight', 'model.layers.27.block_sparse_moe.experts.12.w2.weight', 'model.layers.15.block_sparse_moe.experts.2.w2.weight', 'model.layers.17.block_sparse_moe.experts.1.w1.weight', 'model.layers.4.block_sparse_moe.experts.7.w1.weight', 'model.layers.6.block_sparse_moe.experts.3.w3.weight', 'model.layers.13.block_sparse_moe.experts.4.w2.weight', 'model.layers.30.block_sparse_moe.experts.9.w3.weight', 'model.layers.28.block_sparse_moe.experts.1.w3.weight', 'model.layers.31.block_sparse_moe.experts.9.w2.weight', 'model.layers.3.block_sparse_moe.experts.15.w1.weight', 'model.layers.10.block_sparse_moe.experts.9.w1.weight', 'model.layers.11.block_sparse_moe.experts.13.w1.weight', 'model.layers.5.block_sparse_moe.experts.13.w3.weight', 'model.layers.31.block_sparse_moe.experts.2.w3.weight', 'model.layers.18.block_sparse_moe.experts.12.w2.weight', 'model.layers.14.block_sparse_moe.experts.12.w3.weight', 'model.layers.22.block_sparse_moe.experts.13.w2.weight', 'model.layers.19.block_sparse_moe.experts.3.w3.weight', 'model.layers.24.block_sparse_moe.experts.15.w2.weight', 'model.layers.4.block_sparse_moe.experts.15.w2.weight', 'model.layers.14.block_sparse_moe.experts.8.w2.weight', 'model.layers.17.block_sparse_moe.experts.14.w3.weight', 'model.layers.3.block_sparse_moe.experts.10.w1.weight', 'model.layers.9.block_sparse_moe.experts.5.w3.weight', 'model.layers.7.block_sparse_moe.experts.2.w1.weight', 'model.layers.12.block_sparse_moe.experts.14.w2.weight', 'model.layers.15.block_sparse_moe.experts.2.w3.weight', 'model.layers.25.block_sparse_moe.experts.11.w2.weight', 'model.layers.21.block_sparse_moe.experts.11.w2.weight', 'model.layers.14.block_sparse_moe.experts.1.w1.weight', 'model.layers.10.block_sparse_moe.experts.8.w2.weight', 'model.layers.29.block_sparse_moe.experts.12.w1.weight', 'model.layers.21.block_sparse_moe.experts.3.w3.weight', 'model.layers.15.block_sparse_moe.experts.8.w3.weight', 'model.layers.11.block_sparse_moe.experts.6.w3.weight', 'model.layers.20.block_sparse_moe.experts.5.w2.weight', 'model.layers.21.block_sparse_moe.experts.4.w2.weight', 'model.layers.9.block_sparse_moe.experts.13.w2.weight', 'model.layers.12.block_sparse_moe.experts.13.w2.weight', 'model.layers.14.block_sparse_moe.experts.6.w3.weight', 'model.layers.17.block_sparse_moe.experts.1.w2.weight', 'model.layers.18.block_sparse_moe.experts.12.w3.weight', 'model.layers.4.block_sparse_moe.experts.3.w3.weight', 'model.layers.23.block_sparse_moe.experts.5.w3.weight', 'model.layers.26.block_sparse_moe.experts.5.w1.weight', 'model.layers.2.block_sparse_moe.experts.11.w2.weight', 'model.layers.25.block_sparse_moe.experts.15.w3.weight', 'model.layers.12.block_sparse_moe.experts.6.w2.weight', 'model.layers.19.block_sparse_moe.experts.6.w2.weight', 'model.layers.30.block_sparse_moe.experts.3.w3.weight', 'model.layers.23.block_sparse_moe.experts.3.w2.weight', 'model.layers.6.block_sparse_moe.experts.10.w3.weight', 'model.layers.30.block_sparse_moe.experts.11.w1.weight', 'model.layers.17.block_sparse_moe.experts.4.w3.weight', 'model.layers.23.block_sparse_moe.experts.12.w1.weight', 'model.layers.7.block_sparse_moe.experts.13.w2.weight', 'model.layers.24.block_sparse_moe.experts.7.w1.weight', 'model.layers.20.block_sparse_moe.experts.11.w1.weight', 'model.layers.21.block_sparse_moe.experts.15.w2.weight', 'model.layers.6.block_sparse_moe.experts.8.w1.weight', 'model.layers.7.block_sparse_moe.experts.11.w2.weight', 'model.layers.25.block_sparse_moe.experts.9.w3.weight', 'model.layers.25.block_sparse_moe.experts.8.w1.weight', 'model.layers.6.block_sparse_moe.experts.6.w1.weight', 'model.layers.28.block_sparse_moe.experts.11.w3.weight', 'model.layers.10.block_sparse_moe.experts.12.w2.weight', 'model.layers.19.block_sparse_moe.experts.9.w2.weight', 'model.layers.2.block_sparse_moe.experts.4.w2.weight', 'model.layers.24.block_sparse_moe.experts.7.w3.weight', 'model.layers.31.block_sparse_moe.experts.8.w1.weight', 'model.layers.2.block_sparse_moe.experts.13.w3.weight', 'model.layers.9.block_sparse_moe.experts.11.w2.weight', 'model.layers.28.block_sparse_moe.experts.12.w2.weight', 'model.layers.9.block_sparse_moe.experts.3.w1.weight', 'model.layers.16.block_sparse_moe.experts.8.w1.weight', 'model.layers.23.block_sparse_moe.experts.8.w3.weight', 'model.layers.29.block_sparse_moe.experts.4.w3.weight', 'model.layers.23.block_sparse_moe.experts.8.w2.weight', 'model.layers.12.block_sparse_moe.experts.10.w3.weight', 'model.layers.12.block_sparse_moe.experts.5.w1.weight', 'model.layers.29.block_sparse_moe.experts.2.w2.weight', 'model.layers.12.block_sparse_moe.experts.3.w1.weight', 'model.layers.16.block_sparse_moe.experts.13.w1.weight', 'model.layers.27.block_sparse_moe.experts.8.w1.weight', 'model.layers.23.block_sparse_moe.experts.14.w2.weight', 'model.layers.27.block_sparse_moe.experts.9.w3.weight', 'model.layers.10.block_sparse_moe.experts.14.w3.weight', 'model.layers.4.block_sparse_moe.experts.14.w1.weight', 'model.layers.9.block_sparse_moe.experts.5.w2.weight', 'model.layers.5.block_sparse_moe.experts.3.w3.weight', 'model.layers.26.block_sparse_moe.experts.4.w2.weight', 'model.layers.7.block_sparse_moe.experts.13.w3.weight', 'model.layers.27.block_sparse_moe.experts.10.w3.weight', 'model.layers.3.block_sparse_moe.experts.7.w1.weight', 'model.layers.21.block_sparse_moe.experts.10.w1.weight', 'model.layers.2.block_sparse_moe.experts.10.w1.weight', 'model.layers.5.block_sparse_moe.experts.11.w3.weight', 'model.layers.19.block_sparse_moe.experts.10.w3.weight', 'model.layers.6.block_sparse_moe.experts.5.w2.weight', 'model.layers.22.block_sparse_moe.experts.13.w3.weight', 'model.layers.6.block_sparse_moe.experts.7.w2.weight', 'model.layers.10.block_sparse_moe.experts.8.w1.weight', 'model.layers.28.block_sparse_moe.experts.7.w2.weight', 'model.layers.31.block_sparse_moe.experts.4.w1.weight', 'model.layers.29.block_sparse_moe.experts.14.w3.weight', 'model.layers.30.block_sparse_moe.experts.7.w3.weight', 'model.layers.11.block_sparse_moe.experts.6.w1.weight', 'model.layers.3.block_sparse_moe.experts.4.w2.weight', 'model.layers.9.block_sparse_moe.experts.13.w3.weight', 'model.layers.13.block_sparse_moe.experts.13.w3.weight', 'model.layers.30.block_sparse_moe.experts.10.w2.weight', 'model.layers.5.block_sparse_moe.experts.12.w3.weight', 'model.layers.26.block_sparse_moe.experts.4.w3.weight', 'model.layers.1.block_sparse_moe.experts.11.w3.weight', 'model.layers.13.block_sparse_moe.experts.10.w2.weight', 'model.layers.30.block_sparse_moe.experts.2.w1.weight', 'model.layers.22.block_sparse_moe.experts.11.w2.weight', 'model.layers.19.block_sparse_moe.experts.12.w1.weight', 'model.layers.10.block_sparse_moe.experts.8.w3.weight', 'model.layers.29.block_sparse_moe.experts.15.w1.weight'} while saving. This should be OK, but check by verifying that you don't receive any warning while reloading
-0.00023479822
-8.452813e-05
-2.6221664e-05
-0.00010666548
7.478035e-05
-0.00015782047
0.0001218723
9.410302e-05
-3.752901e-05
7.591381e-05
0.0004358699
-0.00020349395
0.00013872595
0.00012028758
-0.0004576093
-3.708368e-05
-3.2281474e-05
-5.802825e-05
-3.2196614e-05
-6.195808e-05
-0.00042495778
0.00027152698
-0.00047343783
-5.5886012e-05
-0.00035320054
-1.1252443e-05
-0.00031935517
-0.00017654491
-0.00016032241
-0.00020487682
7.6455704e-05
-0.0004084648
-0.00020298286
-3.852447e-05
-2.6154506e-05
0.00010569577
0.00029460446
0.00012471406
6.124603e-05
-0.0003683091
0.0003341199
-0.000107903754
0.00016336734
0.00024137249
-3.1730993e-05
-5.458496e-06
-7.022814e-05
-0.0001788864
0.00015176903
-2.0612897e-06
0.00023562925
0.00020613085
4.7296096e-05
0.00015567445
0.00022120403
0.00016038443
-0.00020009428
0.0002870981
-0.00013017663
3.6658894e-05
-0.00029567018
-6.921999e-05
-0.0002671039
0.00017174156
-0.0004346679
-8.407894e-05
0.00010748468
0.00011522952
-0.00013797396
0.00017587544
-0.00022446175
6.223789e-05
-7.1111353e-06
-0.00010020315
-0.0005588955
-1.632658e-05
-0.00026761915
0.00027276558
0.00018552008
5.6837205e-05
-0.00032302603
5.6213885e-05
-0.00042839794
0.00020205582
0.0004898046
4.025374e-05
0.00016696744
-0.0004223698
-0.00013130813
0.00038998836
0.00037588
0.000166987
2.9999392e-06
-0.00028136745
0.00025047112
1.9055547e-05
-8.7387685e-05
5.317302e-05
-0.000299891
2.0726438e-05
0.00018523129
0.00044202508
7.8383135e-05
-0.00023521348
-0.00012319826
-0.0001863723
0.0001690285
-3.1608397e-05
-0.00023459776
-1.6580107e-05
5.6667897e-05
6.991606e-05
-0.00043959945
-0.00019466192
8.304751e-05
-6.192898e-05
0.00020846279
0.00014531326
-0.00037930024
9.67802e-06
0.0001931803
0.00036077746
0.00023303248
-2.1766755e-06
-2.0931984e-06
1.29081745e-05
-0.0001763189
0.0002505933
-5.3708343e-05
0.00024895475
0.00017551184
-0.00019665345
6.560201e-05
-0.00015622222
6.33842e-05
0.00017513295
-0.00014861114
-1.9445259e-05
5.8087644e-05
0.00015321682
-0.00018407787
-0.00019493932
0.00020210704
-0.00034771697
0.00019076344
5.029993e-06
-0.00012507325
0.0003023982
-7.875336e-05
-5.085318e-05
0.00033900584
-0.0001253805
-8.833539e-05
0.00014084022
-4.286747e-05
-0.00029150897
-0.00010593142
-0.00019332554
0.00015026439
7.098966e-05
-0.00018575916
0.0006029779
-3.6662394e-05
3.2224336e-05
9.2967406e-05
2.0762887e-05
2.5009715e-05
2.1848085e-05
1.7248582e-05
0.00030201598
-4.1439635e-05
-0.000103016944
-8.960444e-05
-0.00020303333
0.000183255
2.0211948e-05
0.0002849189
-0.0003564806
0.0001244555
-4.102801e-05
3.6952595e-05
-0.00026337488
3.5807938e-05
-5.708244e-05
3.450948e-05
1.4280224e-05
0.00018869649
-2.3251698e-05
0.0001809297
-6.0388185e-05
1.9502488e-05
-0.0001608461
0.00066694955
-0.00012417097
2.2204302e-05
-5.5204728e-06
9.065098e-05
0.00026337794
-0.00021741376
-4.8112386e-05
-7.468239e-05
6.481488e-05
0.00011033649
-0.00035716826
0.00024240656
-4.6877132e-05
-4.113388e-05
-1.33935555e-05
0.00016050799
0.00027175553
-9.753299e-05
0.000119154705
-7.473169e-05
8.889414e-05
-0.0002292077
-9.193206e-05
0.00035682187
0.00016890423
0.00022551534
-0.00018872418
-0.00011653775
0.00015180184
0.0001250203
-4.1019455e-05
-0.00017512697
0.00012199153
-4.458892e-05
-0.0003361345
-1.8981362e-05
3.746471e-05
-8.87347e-05
-0.00010824915
-0.00021844354
-7.694136e-06
7.710669e-05
0.00023774055
0.0001292876
-0.00028751252
-0.00033153495
0.00017110063
3.6033445e-05
2.6423571e-05
0.00048569625
2.4757232e-05
8.0791186e-05
-0.00018846075
0.00025001646
-1.5346945e-05
0.0005327277
-6.88298e-05
-0.00025616583
-0.0001405621
0.00025031713
-0.00027812785
7.463135e-05
-0.0001798642
-8.4984254e-05
-0.00015301425
0.00028886512
0.00019409863
0.00042427442
-1.783184e-05
[[0, 0, 2, 0, 1, 1, 0, 1, 0, 0, 1, 3, 1, 2, 2, 1], [0, 1, 1, 0, 1, 0, 0, 1, 2, 0, 1, 0, 1, 3, 2, 2], [2, 0, 2, 1, 1, 0, 1, 2, 1, 0, 0, 2, 1, 0, 1, 0], [0, 1, 2, 0, 1, 0, 1, 0, 0, 2, 1, 1, 0, 2, 2, 1], [2, 1, 0, 1, 1, 1, 2, 0, 1, 0, 0, 0, 2, 2, 0, 1], [1, 1, 0, 0, 2, 3, 1, 1, 0, 1, 0, 1, 2, 0, 0, 2], [2, 0, 1, 0, 1, 1, 2, 0, 0, 0, 0, 1, 1, 2, 1, 2], [1, 0, 0, 2, 0, 0, 1, 0, 0, 1, 2, 1, 2, 2, 1, 1], [0, 1, 0, 1, 0, 2, 2, 2, 1, 0, 3, 1, 1, 1, 0, 0], [0, 1, 1, 0, 2, 0, 1, 3, 0, 2, 1, 1, 0, 1, 0, 2], [0, 1, 2, 0, 1, 1, 2, 1, 0, 1, 0, 1, 0, 3, 0, 2], [0, 0, 1, 2, 1, 3, 2, 2, 0, 0, 1, 0, 1, 1, 1, 0], [2, 0, 0, 0, 1, 1, 0, 1, 1, 1, 1, 2, 2, 2, 0, 0], [0, 0, 2, 1, 2, 1, 2, 0, 0, 1, 1, 1, 0, 2, 1, 0], [1, 1, 0, 2, 1, 0, 1, 0, 2, 2, 2, 0, 0, 1, 1, 0], [2, 0, 0, 0, 0, 2, 1, 1, 1, 2, 1, 2, 1, 0, 1, 0], [1, 1, 3, 0, 3, 1, 0, 0, 1, 0, 2, 1, 2, 1, 0, 0], [1, 1, 3, 0, 0, 0, 2, 1, 0, 2, 0, 1, 1, 1, 0, 2], [0, 2, 2, 1, 0, 1, 1, 1, 0, 0, 1, 0, 1, 0, 2, 2], [1, 2, 3, 1, 0, 1, 3, 0, 0, 0, 0, 1, 0, 1, 2, 1], [0, 0, 1, 0, 2, 0, 1, 0, 2, 2, 1, 1, 0, 1, 1, 2], [1, 3, 0, 0, 1, 0, 1, 2, 4, 1, 2, 0, 0, 1, 1, 0], [1, 3, 0, 0, 0, 1, 1, 1, 0, 2, 1, 0, 2, 2, 0, 1], [0, 1, 1, 1, 0, 0, 0, 0, 1, 1, 1, 0, 1, 1, 1, 1], [0, 1, 1, 0, 1, 1, 1, 1, 0, 1, 0, 1, 1, 0, 0, 1], [1, 1, 0, 0, 1, 1, 1, 1, 1, 0, 1, 1, 0, 1, 0, 0], [0, 0, 1, 1, 1, 1, 1, 1, 0, 0, 0, 1, 1, 1, 1, 0], [0, 1, 1, 0, 0, 1, 0, 1, 1, 1, 1, 1, 1, 0, 0, 1], [1, 1, 1, 0, 0, 1, 0, 0, 1, 1, 1, 0, 0, 1, 1, 1], [1, 0, 1, 1, 0, 0, 1, 0, 1, 1, 0, 0, 1, 1, 1, 1], [0, 1, 0, 1, 1, 0, 1, 0, 0, 1, 1, 1, 1, 1, 0, 1], [1, 0, 1, 0, 1, 1, 1, 1, 0, 1, 0, 0, 1, 1, 0, 1]]
1
0
tensor(0)
tensor(4)
tensor(2)
tensor(11)
done!
1
tensor(0)
tensor(1)
tensor(8)
tensor(13)
done!
2
tensor(1)
tensor(3)
tensor(0)
done!
3
tensor(0)
tensor(1)
tensor(2)
done!
4
tensor(2)
tensor(1)
tensor(0)
done!
5
tensor(2)
tensor(0)
tensor(4)
tensor(5)
done!
6
tensor(1)
tensor(2)
tensor(0)
done!
7
tensor(1)
tensor(0)
tensor(3)
done!
8
tensor(0)
tensor(1)
tensor(5)
tensor(10)
done!
9
tensor(0)
tensor(1)
tensor(4)
tensor(7)
done!
10
tensor(0)
tensor(1)
tensor(2)
tensor(13)
done!
11
tensor(0)
tensor(2)
tensor(3)
tensor(5)
done!
12
tensor(1)
tensor(4)
tensor(0)
done!
13
tensor(0)
tensor(3)
tensor(2)
done!
14
tensor(2)
tensor(0)
tensor(3)
done!
15
tensor(1)
tensor(6)
tensor(0)
done!
16
tensor(3)
tensor(0)
tensor(10)
tensor(2)
done!
17
tensor(3)
tensor(0)
tensor(6)
tensor(2)
done!
18
tensor(0)
tensor(3)
tensor(1)
done!
19
tensor(4)
tensor(0)
tensor(1)
tensor(2)
done!
20
tensor(0)
tensor(2)
tensor(4)
done!
21
tensor(2)
tensor(0)
tensor(7)
tensor(1)
tensor(8)
done!
22
tensor(2)
tensor(0)
tensor(9)
tensor(1)
done!
23
tensor(0)
tensor(1)
done!
24
tensor(0)
tensor(1)
done!
25
tensor(2)
tensor(0)
done!
26
tensor(0)
tensor(2)
done!
27
tensor(0)
tensor(1)
done!
28
tensor(3)
tensor(0)
done!
29
tensor(1)
tensor(0)
done!
30
tensor(0)
tensor(1)
done!
31
tensor(1)
tensor(0)
done!
all done!
begin to save!
